Using pre-set license
Built from '2021.3/staging' branch; Version is '2021.3.9f1 (ad3870b89536) revision 11352176'; Using compiler version '192829333'; Build Type 'Release'
OS: 'Windows 11  (10.0.22621) 64bit Core' Language: 'en' Physical Memory: 32679 MB
BatchMode: 1, IsHumanControllingUs: 0, StartBugReporterOnCrash: 0, Is64bit: 1, IsPro: 1

COMMAND LINE ARGUMENTS:
C:\Program Files\Unity\Hub\Editor\2021.3.9f1\Editor\Unity.exe
-adb2
-batchMode
-noUpm
-name
AssetImportWorker0
-projectPath
D:/Homework/Game systems Architecture/Decorator/Decorator/Decorator
-logFile
Logs/AssetImportWorker0.log
-srvPort
63629
Successfully changed project path to: D:/Homework/Game systems Architecture/Decorator/Decorator/Decorator
D:/Homework/Game systems Architecture/Decorator/Decorator/Decorator
[UnityMemory] Configuration Parameters - Can be set up in boot.config
    "memorysetup-bucket-allocator-granularity=16"
    "memorysetup-bucket-allocator-bucket-count=8"
    "memorysetup-bucket-allocator-block-size=33554432"
    "memorysetup-bucket-allocator-block-count=8"
    "memorysetup-main-allocator-block-size=16777216"
    "memorysetup-thread-allocator-block-size=16777216"
    "memorysetup-gfx-main-allocator-block-size=16777216"
    "memorysetup-gfx-thread-allocator-block-size=16777216"
    "memorysetup-cache-allocator-block-size=4194304"
    "memorysetup-typetree-allocator-block-size=2097152"
    "memorysetup-profiler-bucket-allocator-granularity=16"
    "memorysetup-profiler-bucket-allocator-bucket-count=8"
    "memorysetup-profiler-bucket-allocator-block-size=33554432"
    "memorysetup-profiler-bucket-allocator-block-count=8"
    "memorysetup-profiler-allocator-block-size=16777216"
    "memorysetup-profiler-editor-allocator-block-size=1048576"
    "memorysetup-temp-allocator-size-main=16777216"
    "memorysetup-job-temp-allocator-block-size=2097152"
    "memorysetup-job-temp-allocator-block-size-background=1048576"
    "memorysetup-job-temp-allocator-reduction-small-platforms=262144"
    "memorysetup-temp-allocator-size-background-worker=32768"
    "memorysetup-temp-allocator-size-job-worker=262144"
    "memorysetup-temp-allocator-size-preload-manager=33554432"
    "memorysetup-temp-allocator-size-nav-mesh-worker=65536"
    "memorysetup-temp-allocator-size-audio-worker=65536"
    "memorysetup-temp-allocator-size-cloud-worker=32768"
    "memorysetup-temp-allocator-size-gi-baking-worker=262144"
    "memorysetup-temp-allocator-size-gfx=262144"
Refreshing native plugins compatible for Editor in 65.38 ms, found 3 plugins.
Preloading 0 native plugins for Editor in 0.00 ms.
Initialize engine version: 2021.3.9f1 (ad3870b89536)
[Subsystems] Discovering subsystems at path C:/Program Files/Unity/Hub/Editor/2021.3.9f1/Editor/Data/Resources/UnitySubsystems
[Subsystems] Discovering subsystems at path D:/Homework/Game systems Architecture/Decorator/Decorator/Decorator/Assets
GfxDevice: creating device client; threaded=0; jobified=0
Direct3D:
    Version:  Direct3D 11.0 [level 11.1]
    Renderer: NVIDIA GeForce RTX 2080 SUPER (ID=0x1e81)
    Vendor:   NVIDIA
    VRAM:     8001 MB
    Driver:   31.0.15.3699
Initialize mono
Mono path[0] = 'C:/Program Files/Unity/Hub/Editor/2021.3.9f1/Editor/Data/Managed'
Mono path[1] = 'C:/Program Files/Unity/Hub/Editor/2021.3.9f1/Editor/Data/MonoBleedingEdge/lib/mono/unityjit-win32'
Mono config path = 'C:/Program Files/Unity/Hub/Editor/2021.3.9f1/Editor/Data/MonoBleedingEdge/etc'
Using monoOptions --debugger-agent=transport=dt_socket,embedding=1,server=y,suspend=n,address=127.0.0.1:56096
Begin MonoManager ReloadAssembly
Registering precompiled unity dll's ...
Register platform support module: C:/Program Files/Unity/Hub/Editor/2021.3.9f1/Editor/Data/PlaybackEngines/WebGLSupport/UnityEditor.WebGL.Extensions.dll
Register platform support module: C:/Program Files/Unity/Hub/Editor/2021.3.9f1/Editor/Data/PlaybackEngines/WindowsStandaloneSupport/UnityEditor.WindowsStandalone.Extensions.dll
Registered in 0.005371 seconds.
Native extension for WindowsStandalone target not found
Native extension for WebGL target not found
Refreshing native plugins compatible for Editor in 63.47 ms, found 3 plugins.
Preloading 0 native plugins for Editor in 0.00 ms.
Mono: successfully reloaded assembly
- Completed reload, in  0.534 seconds
Domain Reload Profiling:
	ReloadAssembly (534ms)
		BeginReloadAssembly (62ms)
			ExecutionOrderSort (0ms)
			DisableScriptedObjects (0ms)
			BackupInstance (0ms)
			ReleaseScriptingObjects (0ms)
			CreateAndSetChildDomain (1ms)
		EndReloadAssembly (378ms)
			LoadAssemblies (60ms)
			RebuildTransferFunctionScriptingTraits (0ms)
			SetupTypeCache (92ms)
			ReleaseScriptCaches (0ms)
			RebuildScriptCaches (25ms)
			SetupLoadedEditorAssemblies (217ms)
				LogAssemblyErrors (0ms)
				InitializePlatformSupportModulesInManaged (8ms)
				SetLoadedEditorAssemblies (0ms)
				RefreshPlugins (64ms)
				BeforeProcessingInitializeOnLoad (1ms)
				ProcessInitializeOnLoadAttributes (105ms)
				ProcessInitializeOnLoadMethodAttributes (39ms)
				AfterProcessingInitializeOnLoad (0ms)
				EditorAssembliesLoaded (0ms)
			ExecutionOrderSort2 (0ms)
			AwakeInstancesAfterBackupRestoration (0ms)
Platform modules already initialized, skipping
Registering precompiled user dll's ...
Registered in 0.004133 seconds.
Begin MonoManager ReloadAssembly
Symbol file LoadedFromMemory doesn't match image D:\Homework\Game systems Architecture\Decorator\Decorator\Decorator\Library\PackageCache\com.unity.visualscripting@1.7.8\Editor\VisualScripting.Core\Dependencies\YamlDotNet\Unity.VisualScripting.YamlDotNet.dll
Symbol file LoadedFromMemory doesn't match image D:\Homework\Game systems Architecture\Decorator\Decorator\Decorator\Library\PackageCache\com.unity.visualscripting@1.7.8\Editor\VisualScripting.Core\Dependencies\DotNetZip\Unity.VisualScripting.IonicZip.dll
Native extension for WindowsStandalone target not found
Native extension for WebGL target not found
Refreshing native plugins compatible for Editor in 0.45 ms, found 3 plugins.
Preloading 0 native plugins for Editor in 0.00 ms.
Mono: successfully reloaded assembly
- Completed reload, in  0.928 seconds
Domain Reload Profiling:
	ReloadAssembly (928ms)
		BeginReloadAssembly (98ms)
			ExecutionOrderSort (0ms)
			DisableScriptedObjects (5ms)
			BackupInstance (0ms)
			ReleaseScriptingObjects (0ms)
			CreateAndSetChildDomain (16ms)
		EndReloadAssembly (729ms)
			LoadAssemblies (72ms)
			RebuildTransferFunctionScriptingTraits (0ms)
			SetupTypeCache (252ms)
			ReleaseScriptCaches (0ms)
			RebuildScriptCaches (47ms)
			SetupLoadedEditorAssemblies (320ms)
				LogAssemblyErrors (0ms)
				InitializePlatformSupportModulesInManaged (6ms)
				SetLoadedEditorAssemblies (0ms)
				RefreshPlugins (0ms)
				BeforeProcessingInitializeOnLoad (74ms)
				ProcessInitializeOnLoadAttributes (204ms)
				ProcessInitializeOnLoadMethodAttributes (25ms)
				AfterProcessingInitializeOnLoad (10ms)
				EditorAssembliesLoaded (0ms)
			ExecutionOrderSort2 (0ms)
			AwakeInstancesAfterBackupRestoration (5ms)
Platform modules already initialized, skipping
========================================================================
Worker process is ready to serve import requests
Launched and connected shader compiler UnityShaderCompiler.exe after 0.03 seconds
Refreshing native plugins compatible for Editor in 0.43 ms, found 3 plugins.
Preloading 0 native plugins for Editor in 0.00 ms.
Unloading 3380 Unused Serialized files (Serialized files now loaded: 0)
Unloading 27 unused Assets / (111.3 KB). Loaded Objects now: 3837.
Memory consumption went from 116.2 MB to 116.1 MB.
Total: 2.900500 ms (FindLiveObjects: 0.220200 ms CreateObjectMapping: 0.166000 ms MarkObjects: 2.434300 ms  DeleteObjects: 0.079600 ms)

AssetImportParameters requested are different than current active one (requested -> active):
  custom:video-decoder-ogg-theora: a1e56fd34408186e4bbccfd4996cb3dc -> 
  custom:container-muxer-webm: aa71ff27fc2769a1b78a27578f13a17b -> 
  custom:container-demuxer-webm: 4f35f7cbe854078d1ac9338744f61a02 -> 
  custom:video-encoder-webm-vp8: eb34c28f22e8b96e1ab97ce403110664 -> 
  custom:audio-encoder-webm-vorbis: bf7c407c2cedff20999df2af8eb42d56 -> 
  custom:framework-win-MediaFoundation: 216162199b28c13a410421893ffa2e32 -> 
  custom:container-demuxer-ogg: 62fdf1f143b41e24485cea50d1cbac27 -> 
  custom:video-decoder-webm-vp8: 9c59270c3fd7afecdb556c50c9e8de78 -> 
  custom:audio-decoder-ogg-vorbis: bf7c407c2cedff20999df2af8eb42d56 -> 
========================================================================
Received Import Request.
  Time since last request: 36360.350167 seconds.
  path: Assets/Scripts.cs
  artifactKey: Guid(ef31460e98c49bf40b4fac4222f5d672) Importer(815301076,1909f56bfc062723c751e8b465ee728b)
Start importing Assets/Scripts.cs using Guid(ef31460e98c49bf40b4fac4222f5d672) Importer(815301076,1909f56bfc062723c751e8b465ee728b)  -> (artifact id: '47aa21f23e0016d77313b3ef63c17eb5') in 0.021522 seconds 
========================================================================
Received Prepare
Registering precompiled user dll's ...
Registered in 0.003752 seconds.
Begin MonoManager ReloadAssembly
Symbol file LoadedFromMemory doesn't match image D:\Homework\Game systems Architecture\Decorator\Decorator\Decorator\Library\PackageCache\com.unity.visualscripting@1.7.8\Editor\VisualScripting.Core\Dependencies\YamlDotNet\Unity.VisualScripting.YamlDotNet.dll
Symbol file LoadedFromMemory doesn't match image D:\Homework\Game systems Architecture\Decorator\Decorator\Decorator\Library\PackageCache\com.unity.visualscripting@1.7.8\Editor\VisualScripting.Core\Dependencies\DotNetZip\Unity.VisualScripting.IonicZip.dll
Native extension for WindowsStandalone target not found
Native extension for WebGL target not found
Refreshing native plugins compatible for Editor in 0.44 ms, found 3 plugins.
Preloading 0 native plugins for Editor in 0.00 ms.
Mono: successfully reloaded assembly
- Completed reload, in  0.855 seconds
Domain Reload Profiling:
	ReloadAssembly (855ms)
		BeginReloadAssembly (114ms)
			ExecutionOrderSort (0ms)
			DisableScriptedObjects (5ms)
			BackupInstance (0ms)
			ReleaseScriptingObjects (0ms)
			CreateAndSetChildDomain (33ms)
		EndReloadAssembly (648ms)
			LoadAssemblies (67ms)
			RebuildTransferFunctionScriptingTraits (0ms)
			SetupTypeCache (242ms)
			ReleaseScriptCaches (1ms)
			RebuildScriptCaches (33ms)
			SetupLoadedEditorAssemblies (267ms)
				LogAssemblyErrors (0ms)
				InitializePlatformSupportModulesInManaged (12ms)
				SetLoadedEditorAssemblies (0ms)
				RefreshPlugins (0ms)
				BeforeProcessingInitializeOnLoad (56ms)
				ProcessInitializeOnLoadAttributes (170ms)
				ProcessInitializeOnLoadMethodAttributes (23ms)
				AfterProcessingInitializeOnLoad (6ms)
				EditorAssembliesLoaded (0ms)
			ExecutionOrderSort2 (0ms)
			AwakeInstancesAfterBackupRestoration (5ms)
Platform modules already initialized, skipping
Refreshing native plugins compatible for Editor in 1.39 ms, found 3 plugins.
Preloading 0 native plugins for Editor in 0.00 ms.
Unloading 3376 Unused Serialized files (Serialized files now loaded: 0)
Unloading 20 unused Assets / (78.4 KB). Loaded Objects now: 3841.
Memory consumption went from 116.1 MB to 116.1 MB.
Total: 2.496200 ms (FindLiveObjects: 0.218300 ms CreateObjectMapping: 0.134600 ms MarkObjects: 2.080200 ms  DeleteObjects: 0.062100 ms)

AssetImportParameters requested are different than current active one (requested -> active):
  custom:video-decoder-ogg-theora: a1e56fd34408186e4bbccfd4996cb3dc -> 
  custom:container-muxer-webm: aa71ff27fc2769a1b78a27578f13a17b -> 
  custom:container-demuxer-webm: 4f35f7cbe854078d1ac9338744f61a02 -> 
  custom:video-encoder-webm-vp8: eb34c28f22e8b96e1ab97ce403110664 -> 
  custom:audio-encoder-webm-vorbis: bf7c407c2cedff20999df2af8eb42d56 -> 
  custom:framework-win-MediaFoundation: 216162199b28c13a410421893ffa2e32 -> 
  custom:container-demuxer-ogg: 62fdf1f143b41e24485cea50d1cbac27 -> 
  custom:video-decoder-webm-vp8: 9c59270c3fd7afecdb556c50c9e8de78 -> 
  custom:audio-decoder-ogg-vorbis: bf7c407c2cedff20999df2af8eb42d56 -> 
========================================================================
Received Prepare
Registering precompiled user dll's ...
Registered in 0.003717 seconds.
Begin MonoManager ReloadAssembly
Symbol file LoadedFromMemory doesn't match image D:\Homework\Game systems Architecture\Decorator\Decorator\Decorator\Library\PackageCache\com.unity.visualscripting@1.7.8\Editor\VisualScripting.Core\Dependencies\YamlDotNet\Unity.VisualScripting.YamlDotNet.dll
Symbol file LoadedFromMemory doesn't match image D:\Homework\Game systems Architecture\Decorator\Decorator\Decorator\Library\PackageCache\com.unity.visualscripting@1.7.8\Editor\VisualScripting.Core\Dependencies\DotNetZip\Unity.VisualScripting.IonicZip.dll
Native extension for WindowsStandalone target not found
Native extension for WebGL target not found
Refreshing native plugins compatible for Editor in 0.43 ms, found 3 plugins.
Preloading 0 native plugins for Editor in 0.00 ms.
Mono: successfully reloaded assembly
- Completed reload, in  0.892 seconds
Domain Reload Profiling:
	ReloadAssembly (893ms)
		BeginReloadAssembly (140ms)
			ExecutionOrderSort (0ms)
			DisableScriptedObjects (5ms)
			BackupInstance (0ms)
			ReleaseScriptingObjects (0ms)
			CreateAndSetChildDomain (46ms)
		EndReloadAssembly (657ms)
			LoadAssemblies (83ms)
			RebuildTransferFunctionScriptingTraits (0ms)
			SetupTypeCache (241ms)
			ReleaseScriptCaches (1ms)
			RebuildScriptCaches (35ms)
			SetupLoadedEditorAssemblies (280ms)
				LogAssemblyErrors (0ms)
				InitializePlatformSupportModulesInManaged (13ms)
				SetLoadedEditorAssemblies (0ms)
				RefreshPlugins (0ms)
				BeforeProcessingInitializeOnLoad (55ms)
				ProcessInitializeOnLoadAttributes (175ms)
				ProcessInitializeOnLoadMethodAttributes (28ms)
				AfterProcessingInitializeOnLoad (7ms)
				EditorAssembliesLoaded (1ms)
			ExecutionOrderSort2 (0ms)
			AwakeInstancesAfterBackupRestoration (5ms)
Platform modules already initialized, skipping
Refreshing native plugins compatible for Editor in 1.33 ms, found 3 plugins.
Preloading 0 native plugins for Editor in 0.00 ms.
Unloading 3375 Unused Serialized files (Serialized files now loaded: 0)
Unloading 21 unused Assets / (78.3 KB). Loaded Objects now: 3843.
Memory consumption went from 116.1 MB to 116.1 MB.
Total: 2.842800 ms (FindLiveObjects: 0.208200 ms CreateObjectMapping: 0.178100 ms MarkObjects: 2.395800 ms  DeleteObjects: 0.060100 ms)

AssetImportParameters requested are different than current active one (requested -> active):
  custom:video-decoder-ogg-theora: a1e56fd34408186e4bbccfd4996cb3dc -> 
  custom:container-muxer-webm: aa71ff27fc2769a1b78a27578f13a17b -> 
  custom:container-demuxer-webm: 4f35f7cbe854078d1ac9338744f61a02 -> 
  custom:video-encoder-webm-vp8: eb34c28f22e8b96e1ab97ce403110664 -> 
  custom:audio-encoder-webm-vorbis: bf7c407c2cedff20999df2af8eb42d56 -> 
  custom:framework-win-MediaFoundation: 216162199b28c13a410421893ffa2e32 -> 
  custom:container-demuxer-ogg: 62fdf1f143b41e24485cea50d1cbac27 -> 
  custom:video-decoder-webm-vp8: 9c59270c3fd7afecdb556c50c9e8de78 -> 
  custom:audio-decoder-ogg-vorbis: bf7c407c2cedff20999df2af8eb42d56 -> 
========================================================================
Received Import Request.
  Time since last request: 17.658573 seconds.
  path: Assets/Scripts
  artifactKey: Guid(a47cb4b872088eb4fa5cda393012be71) Importer(815301076,1909f56bfc062723c751e8b465ee728b)
Start importing Assets/Scripts using Guid(a47cb4b872088eb4fa5cda393012be71) Importer(815301076,1909f56bfc062723c751e8b465ee728b)  -> (artifact id: 'ed2b48d3a9b380c984846b9712d1a629') in 0.004557 seconds 
========================================================================
Received Import Request.
  Time since last request: 39.983556 seconds.
  path: Assets/Scripts/BikeWeapon.cs
  artifactKey: Guid(5b64da157dfc2bd4ea46c7553c912d9f) Importer(815301076,1909f56bfc062723c751e8b465ee728b)
Start importing Assets/Scripts/BikeWeapon.cs using Guid(5b64da157dfc2bd4ea46c7553c912d9f) Importer(815301076,1909f56bfc062723c751e8b465ee728b)  -> (artifact id: 'ca0cdaa276a1d283f1b4e2b1f4aa2629') in 0.004867 seconds 
========================================================================
Received Prepare
Registering precompiled user dll's ...
Registered in 0.003801 seconds.
Begin MonoManager ReloadAssembly
Symbol file LoadedFromMemory doesn't match image D:\Homework\Game systems Architecture\Decorator\Decorator\Decorator\Library\PackageCache\com.unity.visualscripting@1.7.8\Editor\VisualScripting.Core\Dependencies\YamlDotNet\Unity.VisualScripting.YamlDotNet.dll
Symbol file LoadedFromMemory doesn't match image D:\Homework\Game systems Architecture\Decorator\Decorator\Decorator\Library\PackageCache\com.unity.visualscripting@1.7.8\Editor\VisualScripting.Core\Dependencies\DotNetZip\Unity.VisualScripting.IonicZip.dll
Native extension for WindowsStandalone target not found
Native extension for WebGL target not found
Refreshing native plugins compatible for Editor in 0.48 ms, found 3 plugins.
Preloading 0 native plugins for Editor in 0.00 ms.
Mono: successfully reloaded assembly
- Completed reload, in  0.887 seconds
Domain Reload Profiling:
	ReloadAssembly (887ms)
		BeginReloadAssembly (112ms)
			ExecutionOrderSort (0ms)
			DisableScriptedObjects (5ms)
			BackupInstance (0ms)
			ReleaseScriptingObjects (0ms)
			CreateAndSetChildDomain (28ms)
		EndReloadAssembly (688ms)
			LoadAssemblies (71ms)
			RebuildTransferFunctionScriptingTraits (0ms)
			SetupTypeCache (259ms)
			ReleaseScriptCaches (1ms)
			RebuildScriptCaches (33ms)
			SetupLoadedEditorAssemblies (275ms)
				LogAssemblyErrors (0ms)
				InitializePlatformSupportModulesInManaged (12ms)
				SetLoadedEditorAssemblies (0ms)
				RefreshPlugins (1ms)
				BeforeProcessingInitializeOnLoad (52ms)
				ProcessInitializeOnLoadAttributes (174ms)
				ProcessInitializeOnLoadMethodAttributes (28ms)
				AfterProcessingInitializeOnLoad (7ms)
				EditorAssembliesLoaded (0ms)
			ExecutionOrderSort2 (0ms)
			AwakeInstancesAfterBackupRestoration (5ms)
Platform modules already initialized, skipping
Refreshing native plugins compatible for Editor in 1.45 ms, found 3 plugins.
Preloading 0 native plugins for Editor in 0.00 ms.
Unloading 3376 Unused Serialized files (Serialized files now loaded: 0)
Unloading 20 unused Assets / (78.5 KB). Loaded Objects now: 3847.
Memory consumption went from 116.2 MB to 116.1 MB.
Total: 2.288300 ms (FindLiveObjects: 0.213100 ms CreateObjectMapping: 0.127600 ms MarkObjects: 1.884300 ms  DeleteObjects: 0.062600 ms)

AssetImportParameters requested are different than current active one (requested -> active):
  custom:video-decoder-ogg-theora: a1e56fd34408186e4bbccfd4996cb3dc -> 
  custom:container-muxer-webm: aa71ff27fc2769a1b78a27578f13a17b -> 
  custom:container-demuxer-webm: 4f35f7cbe854078d1ac9338744f61a02 -> 
  custom:video-encoder-webm-vp8: eb34c28f22e8b96e1ab97ce403110664 -> 
  custom:audio-encoder-webm-vorbis: bf7c407c2cedff20999df2af8eb42d56 -> 
  custom:framework-win-MediaFoundation: 216162199b28c13a410421893ffa2e32 -> 
  custom:container-demuxer-ogg: 62fdf1f143b41e24485cea50d1cbac27 -> 
  custom:video-decoder-webm-vp8: 9c59270c3fd7afecdb556c50c9e8de78 -> 
  custom:audio-decoder-ogg-vorbis: bf7c407c2cedff20999df2af8eb42d56 -> 
========================================================================
Received Import Request.
  Time since last request: 36.427939 seconds.
  path: Assets/Scripts/BikeWeapon.cs
  artifactKey: Guid(5b64da157dfc2bd4ea46c7553c912d9f) Importer(815301076,1909f56bfc062723c751e8b465ee728b)
Start importing Assets/Scripts/BikeWeapon.cs using Guid(5b64da157dfc2bd4ea46c7553c912d9f) Importer(815301076,1909f56bfc062723c751e8b465ee728b)  -> (artifact id: 'a5e19eb11cc5cf07094611ccf86833ba') in 0.005757 seconds 
========================================================================
Received Import Request.
  Time since last request: 19.051413 seconds.
  path: Assets/Scripts/BikeWeapon.cs
  artifactKey: Guid(5b64da157dfc2bd4ea46c7553c912d9f) Importer(815301076,1909f56bfc062723c751e8b465ee728b)
Start importing Assets/Scripts/BikeWeapon.cs using Guid(5b64da157dfc2bd4ea46c7553c912d9f) Importer(815301076,1909f56bfc062723c751e8b465ee728b)  -> (artifact id: '90c6080037af122cc0d6386fc8fd218c') in 0.001349 seconds 
========================================================================
Received Import Request.
  Time since last request: 21.876791 seconds.
  path: Assets/Scripts/BikeWeapon.cs
  artifactKey: Guid(5b64da157dfc2bd4ea46c7553c912d9f) Importer(815301076,1909f56bfc062723c751e8b465ee728b)
Start importing Assets/Scripts/BikeWeapon.cs using Guid(5b64da157dfc2bd4ea46c7553c912d9f) Importer(815301076,1909f56bfc062723c751e8b465ee728b)  -> (artifact id: '0993b02b12f1689fcd34e3b392a25547') in 0.001357 seconds 
========================================================================
Received Import Request.
  Time since last request: 23.136394 seconds.
  path: Assets/Scripts/BikeWeapon.cs
  artifactKey: Guid(5b64da157dfc2bd4ea46c7553c912d9f) Importer(815301076,1909f56bfc062723c751e8b465ee728b)
Start importing Assets/Scripts/BikeWeapon.cs using Guid(5b64da157dfc2bd4ea46c7553c912d9f) Importer(815301076,1909f56bfc062723c751e8b465ee728b)  -> (artifact id: 'ca3a21102802b8061b88fde35e91d500') in 0.001267 seconds 
========================================================================
Received Import Request.
  Time since last request: 13.633923 seconds.
  path: Assets/Scripts/BikeWeapon.cs
  artifactKey: Guid(5b64da157dfc2bd4ea46c7553c912d9f) Importer(815301076,1909f56bfc062723c751e8b465ee728b)
Start importing Assets/Scripts/BikeWeapon.cs using Guid(5b64da157dfc2bd4ea46c7553c912d9f) Importer(815301076,1909f56bfc062723c751e8b465ee728b)  -> (artifact id: 'a2703192fe7d3978b6515f16a818d57a') in 0.001248 seconds 
========================================================================
Received Import Request.
  Time since last request: 1.842308 seconds.
  path: Assets/Scripts/BikeWeapon.cs
  artifactKey: Guid(5b64da157dfc2bd4ea46c7553c912d9f) Importer(815301076,1909f56bfc062723c751e8b465ee728b)
Start importing Assets/Scripts/BikeWeapon.cs using Guid(5b64da157dfc2bd4ea46c7553c912d9f) Importer(815301076,1909f56bfc062723c751e8b465ee728b)  -> (artifact id: '6e1b9183e3e8a877fd5642e0a9ed8e2c') in 0.001464 seconds 
========================================================================
Received Import Request.
  Time since last request: 28.020740 seconds.
  path: Assets/Scripts/BikeWeapon.cs
  artifactKey: Guid(5b64da157dfc2bd4ea46c7553c912d9f) Importer(815301076,1909f56bfc062723c751e8b465ee728b)
Start importing Assets/Scripts/BikeWeapon.cs using Guid(5b64da157dfc2bd4ea46c7553c912d9f) Importer(815301076,1909f56bfc062723c751e8b465ee728b)  -> (artifact id: 'fb72b451189a777cd25916120638d26f') in 0.001250 seconds 
========================================================================
Received Import Request.
  Time since last request: 13.135195 seconds.
  path: Assets/Scripts/BikeWeapon.cs
  artifactKey: Guid(5b64da157dfc2bd4ea46c7553c912d9f) Importer(815301076,1909f56bfc062723c751e8b465ee728b)
Start importing Assets/Scripts/BikeWeapon.cs using Guid(5b64da157dfc2bd4ea46c7553c912d9f) Importer(815301076,1909f56bfc062723c751e8b465ee728b)  -> (artifact id: 'c5cc716907575c852382dcc583d47d83') in 0.001376 seconds 
========================================================================
Received Import Request.
  Time since last request: 16.249653 seconds.
  path: Assets/Scripts/BikeWeapon.cs
  artifactKey: Guid(5b64da157dfc2bd4ea46c7553c912d9f) Importer(815301076,1909f56bfc062723c751e8b465ee728b)
Start importing Assets/Scripts/BikeWeapon.cs using Guid(5b64da157dfc2bd4ea46c7553c912d9f) Importer(815301076,1909f56bfc062723c751e8b465ee728b)  -> (artifact id: '7d84347c0a9e770c6a2137d179c4c0a0') in 0.001155 seconds 
========================================================================
Received Import Request.
  Time since last request: 2.532786 seconds.
  path: Assets/Scripts/BikeWeapon.cs
  artifactKey: Guid(5b64da157dfc2bd4ea46c7553c912d9f) Importer(815301076,1909f56bfc062723c751e8b465ee728b)
Start importing Assets/Scripts/BikeWeapon.cs using Guid(5b64da157dfc2bd4ea46c7553c912d9f) Importer(815301076,1909f56bfc062723c751e8b465ee728b)  -> (artifact id: '66dac61081c14e311cb08ac9281c04c1') in 0.001257 seconds 
========================================================================
Received Import Request.
  Time since last request: 10.490818 seconds.
  path: Assets/Scripts/BikeWeapon.cs
  artifactKey: Guid(5b64da157dfc2bd4ea46c7553c912d9f) Importer(815301076,1909f56bfc062723c751e8b465ee728b)
Start importing Assets/Scripts/BikeWeapon.cs using Guid(5b64da157dfc2bd4ea46c7553c912d9f) Importer(815301076,1909f56bfc062723c751e8b465ee728b)  -> (artifact id: '124eedd5a502f4a2f847d2acd097c5ae') in 0.001312 seconds 
========================================================================
Received Import Request.
  Time since last request: 18.457345 seconds.
  path: Assets/Scripts/BikeWeapon.cs
  artifactKey: Guid(5b64da157dfc2bd4ea46c7553c912d9f) Importer(815301076,1909f56bfc062723c751e8b465ee728b)
Start importing Assets/Scripts/BikeWeapon.cs using Guid(5b64da157dfc2bd4ea46c7553c912d9f) Importer(815301076,1909f56bfc062723c751e8b465ee728b)  -> (artifact id: '15e163e99afc56d2ab1493a559d9164c') in 0.001385 seconds 
========================================================================
Received Import Request.
  Time since last request: 24.243145 seconds.
  path: Assets/Scripts/BikeWeapon.cs
  artifactKey: Guid(5b64da157dfc2bd4ea46c7553c912d9f) Importer(815301076,1909f56bfc062723c751e8b465ee728b)
Start importing Assets/Scripts/BikeWeapon.cs using Guid(5b64da157dfc2bd4ea46c7553c912d9f) Importer(815301076,1909f56bfc062723c751e8b465ee728b)  -> (artifact id: '74e45e79e50de76c01f0ad0da48bae65') in 0.001518 seconds 
========================================================================
Received Import Request.
  Time since last request: 12.469010 seconds.
  path: Assets/Scripts/BikeWeapon.cs
  artifactKey: Guid(5b64da157dfc2bd4ea46c7553c912d9f) Importer(815301076,1909f56bfc062723c751e8b465ee728b)
Start importing Assets/Scripts/BikeWeapon.cs using Guid(5b64da157dfc2bd4ea46c7553c912d9f) Importer(815301076,1909f56bfc062723c751e8b465ee728b)  -> (artifact id: '3bf68fbcac69282b83e6858191e59c33') in 0.001367 seconds 
========================================================================
Received Import Request.
  Time since last request: 38.570715 seconds.
  path: Assets/Scripts/BikeWeapon.cs
  artifactKey: Guid(5b64da157dfc2bd4ea46c7553c912d9f) Importer(815301076,1909f56bfc062723c751e8b465ee728b)
Start importing Assets/Scripts/BikeWeapon.cs using Guid(5b64da157dfc2bd4ea46c7553c912d9f) Importer(815301076,1909f56bfc062723c751e8b465ee728b)  -> (artifact id: 'fbcada0640a9e809700cb651f187569e') in 0.001332 seconds 
========================================================================
Received Import Request.
  Time since last request: 11.409693 seconds.
  path: Assets/Scripts/BikeWeapon.cs
  artifactKey: Guid(5b64da157dfc2bd4ea46c7553c912d9f) Importer(815301076,1909f56bfc062723c751e8b465ee728b)
Start importing Assets/Scripts/BikeWeapon.cs using Guid(5b64da157dfc2bd4ea46c7553c912d9f) Importer(815301076,1909f56bfc062723c751e8b465ee728b)  -> (artifact id: 'b016ac5d569639de0ee90626e8aa0193') in 0.001248 seconds 
========================================================================
Received Import Request.
  Time since last request: 13.850445 seconds.
  path: Assets/Scripts/BikeWeapon.cs
  artifactKey: Guid(5b64da157dfc2bd4ea46c7553c912d9f) Importer(815301076,1909f56bfc062723c751e8b465ee728b)
Start importing Assets/Scripts/BikeWeapon.cs using Guid(5b64da157dfc2bd4ea46c7553c912d9f) Importer(815301076,1909f56bfc062723c751e8b465ee728b)  -> (artifact id: '97c26157ad12db10d3bf8a96423ee3d2') in 0.001293 seconds 
========================================================================
Received Import Request.
  Time since last request: 37.646732 seconds.
  path: Assets/Scripts/ToggleFiring.cs
  artifactKey: Guid(932cd7938104f224c90b16213c66e318) Importer(815301076,1909f56bfc062723c751e8b465ee728b)
Start importing Assets/Scripts/ToggleFiring.cs using Guid(932cd7938104f224c90b16213c66e318) Importer(815301076,1909f56bfc062723c751e8b465ee728b)  -> (artifact id: '675670da304a2a7580aa0752b5132ffb') in 0.004839 seconds 
========================================================================
Received Import Request.
  Time since last request: 65.991853 seconds.
  path: Assets/Scripts/NewBehaviourScript.cs
  artifactKey: Guid(ea32f89ed66b9784baa51bba5d76af11) Importer(815301076,1909f56bfc062723c751e8b465ee728b)
Start importing Assets/Scripts/NewBehaviourScript.cs using Guid(ea32f89ed66b9784baa51bba5d76af11) Importer(815301076,1909f56bfc062723c751e8b465ee728b)  -> (artifact id: '8662c5a1ad28486d0780eab77d6bea8a') in 0.004981 seconds 
========================================================================
Received Import Request.
  Time since last request: 17.363223 seconds.
  path: Assets/Scripts/Weapon.cs
  artifactKey: Guid(651bfab9f424dbc438aab222380b1e0d) Importer(815301076,1909f56bfc062723c751e8b465ee728b)
Start importing Assets/Scripts/Weapon.cs using Guid(651bfab9f424dbc438aab222380b1e0d) Importer(815301076,1909f56bfc062723c751e8b465ee728b)  -> (artifact id: '679d064aacafb0b9fedd08428b7bba06') in 0.004711 seconds 
========================================================================
Received Import Request.
  Time since last request: 29.891593 seconds.
  path: Assets/Scripts/Weapon.cs
  artifactKey: Guid(651bfab9f424dbc438aab222380b1e0d) Importer(815301076,1909f56bfc062723c751e8b465ee728b)
Start importing Assets/Scripts/Weapon.cs using Guid(651bfab9f424dbc438aab222380b1e0d) Importer(815301076,1909f56bfc062723c751e8b465ee728b)  -> (artifact id: '97c3d75540fea426b085db9da59428d1') in 0.001236 seconds 
========================================================================
Received Import Request.
  Time since last request: 16.557184 seconds.
  path: Assets/Scripts/Weapon.cs
  artifactKey: Guid(651bfab9f424dbc438aab222380b1e0d) Importer(815301076,1909f56bfc062723c751e8b465ee728b)
Start importing Assets/Scripts/Weapon.cs using Guid(651bfab9f424dbc438aab222380b1e0d) Importer(815301076,1909f56bfc062723c751e8b465ee728b)  -> (artifact id: '6ec2f88fdb4047d57979bd799a89051e') in 0.001298 seconds 
========================================================================
Received Import Request.
  Time since last request: 7.783818 seconds.
  path: Assets/Scripts/Weapon.cs
  artifactKey: Guid(651bfab9f424dbc438aab222380b1e0d) Importer(815301076,1909f56bfc062723c751e8b465ee728b)
Start importing Assets/Scripts/Weapon.cs using Guid(651bfab9f424dbc438aab222380b1e0d) Importer(815301076,1909f56bfc062723c751e8b465ee728b)  -> (artifact id: '91849efe678e9c9f48315a323639cf11') in 0.001330 seconds 
========================================================================
Received Import Request.
  Time since last request: 9.667532 seconds.
  path: Assets/Scripts/Weapon.cs
  artifactKey: Guid(651bfab9f424dbc438aab222380b1e0d) Importer(815301076,1909f56bfc062723c751e8b465ee728b)
Start importing Assets/Scripts/Weapon.cs using Guid(651bfab9f424dbc438aab222380b1e0d) Importer(815301076,1909f56bfc062723c751e8b465ee728b)  -> (artifact id: 'cdbac183da2ab19c07652eab51e8a9f5') in 0.001346 seconds 
========================================================================
Received Import Request.
  Time since last request: 3.738004 seconds.
  path: Assets/Scripts/Weapon.cs
  artifactKey: Guid(651bfab9f424dbc438aab222380b1e0d) Importer(815301076,1909f56bfc062723c751e8b465ee728b)
Start importing Assets/Scripts/Weapon.cs using Guid(651bfab9f424dbc438aab222380b1e0d) Importer(815301076,1909f56bfc062723c751e8b465ee728b)  -> (artifact id: '6ccdfa13e2ba2fc2b355494f139c9b5d') in 0.001334 seconds 
========================================================================
Received Import Request.
  Time since last request: 14.294951 seconds.
  path: Assets/Scripts/Weapon.cs
  artifactKey: Guid(651bfab9f424dbc438aab222380b1e0d) Importer(815301076,1909f56bfc062723c751e8b465ee728b)
Start importing Assets/Scripts/Weapon.cs using Guid(651bfab9f424dbc438aab222380b1e0d) Importer(815301076,1909f56bfc062723c751e8b465ee728b)  -> (artifact id: 'c9aedd855f86ad4d8cba7de990f143e3') in 0.001269 seconds 
========================================================================
Received Import Request.
  Time since last request: 13.705988 seconds.
  path: Assets/Scripts/Weapon.cs
  artifactKey: Guid(651bfab9f424dbc438aab222380b1e0d) Importer(815301076,1909f56bfc062723c751e8b465ee728b)
Start importing Assets/Scripts/Weapon.cs using Guid(651bfab9f424dbc438aab222380b1e0d) Importer(815301076,1909f56bfc062723c751e8b465ee728b)  -> (artifact id: '2f18fb4cc20f0906a3ebb440b129dc2c') in 0.001352 seconds 
========================================================================
Received Import Request.
  Time since last request: 4.468586 seconds.
  path: Assets/Scripts/Weapon.cs
  artifactKey: Guid(651bfab9f424dbc438aab222380b1e0d) Importer(815301076,1909f56bfc062723c751e8b465ee728b)
Start importing Assets/Scripts/Weapon.cs using Guid(651bfab9f424dbc438aab222380b1e0d) Importer(815301076,1909f56bfc062723c751e8b465ee728b)  -> (artifact id: '92b0050ce7d0abecb4410a85efee169c') in 0.001190 seconds 
========================================================================
Received Import Request.
  Time since last request: 22.117170 seconds.
  path: Assets/Scripts/Weapon.cs
  artifactKey: Guid(651bfab9f424dbc438aab222380b1e0d) Importer(815301076,1909f56bfc062723c751e8b465ee728b)
Start importing Assets/Scripts/Weapon.cs using Guid(651bfab9f424dbc438aab222380b1e0d) Importer(815301076,1909f56bfc062723c751e8b465ee728b)  -> (artifact id: '8ae8607efa01f2ca922c6fc40cc1d214') in 0.001290 seconds 
========================================================================
Received Import Request.
  Time since last request: 5.525332 seconds.
  path: Assets/Scripts/Weapon.cs
  artifactKey: Guid(651bfab9f424dbc438aab222380b1e0d) Importer(815301076,1909f56bfc062723c751e8b465ee728b)
Start importing Assets/Scripts/Weapon.cs using Guid(651bfab9f424dbc438aab222380b1e0d) Importer(815301076,1909f56bfc062723c751e8b465ee728b)  -> (artifact id: 'd8b62b098e0fd013bfd18ee65ba7abe0') in 0.001400 seconds 
========================================================================
Received Import Request.
  Time since last request: 9.406722 seconds.
  path: Assets/Scripts/Weapon.cs
  artifactKey: Guid(651bfab9f424dbc438aab222380b1e0d) Importer(815301076,1909f56bfc062723c751e8b465ee728b)
Start importing Assets/Scripts/Weapon.cs using Guid(651bfab9f424dbc438aab222380b1e0d) Importer(815301076,1909f56bfc062723c751e8b465ee728b)  -> (artifact id: '61b20782c4c596084c9da2eeb9c5f0d9') in 0.001447 seconds 
========================================================================
Received Import Request.
  Time since last request: 9.989808 seconds.
  path: Assets/Scripts/Weapon.cs
  artifactKey: Guid(651bfab9f424dbc438aab222380b1e0d) Importer(815301076,1909f56bfc062723c751e8b465ee728b)
Start importing Assets/Scripts/Weapon.cs using Guid(651bfab9f424dbc438aab222380b1e0d) Importer(815301076,1909f56bfc062723c751e8b465ee728b)  -> (artifact id: '44fcc79504ee93474026dc2458df118b') in 0.001275 seconds 
========================================================================
Received Import Request.
  Time since last request: 31.330852 seconds.
  path: Assets/Scripts/Weapon.cs
  artifactKey: Guid(651bfab9f424dbc438aab222380b1e0d) Importer(815301076,1909f56bfc062723c751e8b465ee728b)
Start importing Assets/Scripts/Weapon.cs using Guid(651bfab9f424dbc438aab222380b1e0d) Importer(815301076,1909f56bfc062723c751e8b465ee728b)  -> (artifact id: '8f6eef5244d4210ae171fb63e88d7c84') in 0.001334 seconds 
========================================================================
Received Import Request.
  Time since last request: 6.904146 seconds.
  path: Assets/Scripts/Weapon.cs
  artifactKey: Guid(651bfab9f424dbc438aab222380b1e0d) Importer(815301076,1909f56bfc062723c751e8b465ee728b)
Start importing Assets/Scripts/Weapon.cs using Guid(651bfab9f424dbc438aab222380b1e0d) Importer(815301076,1909f56bfc062723c751e8b465ee728b)  -> (artifact id: 'be4452ffda70680e634497c7c16a4e76') in 0.001353 seconds 
========================================================================
Received Import Request.
  Time since last request: 9.642415 seconds.
  path: Assets/Scripts/Weapon.cs
  artifactKey: Guid(651bfab9f424dbc438aab222380b1e0d) Importer(815301076,1909f56bfc062723c751e8b465ee728b)
Start importing Assets/Scripts/Weapon.cs using Guid(651bfab9f424dbc438aab222380b1e0d) Importer(815301076,1909f56bfc062723c751e8b465ee728b)  -> (artifact id: '2a7142fc98928c2b561af0c0d9b48667') in 0.001307 seconds 
========================================================================
Received Import Request.
  Time since last request: 7.731655 seconds.
  path: Assets/Scripts/Weapon.cs
  artifactKey: Guid(651bfab9f424dbc438aab222380b1e0d) Importer(815301076,1909f56bfc062723c751e8b465ee728b)
Start importing Assets/Scripts/Weapon.cs using Guid(651bfab9f424dbc438aab222380b1e0d) Importer(815301076,1909f56bfc062723c751e8b465ee728b)  -> (artifact id: 'e26b09e0f005c0141f7ec591814fdf91') in 0.001327 seconds 
========================================================================
Received Import Request.
  Time since last request: 13.679758 seconds.
  path: Assets/Scripts/Weapon.cs
  artifactKey: Guid(651bfab9f424dbc438aab222380b1e0d) Importer(815301076,1909f56bfc062723c751e8b465ee728b)
Start importing Assets/Scripts/Weapon.cs using Guid(651bfab9f424dbc438aab222380b1e0d) Importer(815301076,1909f56bfc062723c751e8b465ee728b)  -> (artifact id: 'ee9714d2589b74ef0c1c2951b59b38ac') in 0.001562 seconds 
========================================================================
Received Import Request.
  Time since last request: 26.469414 seconds.
  path: Assets/Scripts/IWeapon.cs
  artifactKey: Guid(6b9ea502b3d779148ad596e2ae82e638) Importer(815301076,1909f56bfc062723c751e8b465ee728b)
Start importing Assets/Scripts/IWeapon.cs using Guid(6b9ea502b3d779148ad596e2ae82e638) Importer(815301076,1909f56bfc062723c751e8b465ee728b)  -> (artifact id: 'c89f636afcdd51182482f7746fa2873b') in 0.004688 seconds 
========================================================================
Received Import Request.
  Time since last request: 22.675582 seconds.
  path: Assets/Scripts/IWeapon.cs
  artifactKey: Guid(6b9ea502b3d779148ad596e2ae82e638) Importer(815301076,1909f56bfc062723c751e8b465ee728b)
Start importing Assets/Scripts/IWeapon.cs using Guid(6b9ea502b3d779148ad596e2ae82e638) Importer(815301076,1909f56bfc062723c751e8b465ee728b)  -> (artifact id: 'edf9afdf4bd4199d7aca94bb4a6267ea') in 0.001236 seconds 
========================================================================
Received Import Request.
  Time since last request: 9.520804 seconds.
  path: Assets/Scripts/IWeapon.cs
  artifactKey: Guid(6b9ea502b3d779148ad596e2ae82e638) Importer(815301076,1909f56bfc062723c751e8b465ee728b)
Start importing Assets/Scripts/IWeapon.cs using Guid(6b9ea502b3d779148ad596e2ae82e638) Importer(815301076,1909f56bfc062723c751e8b465ee728b)  -> (artifact id: 'b2ce2ab19b5a9184457e7281ef03a31a') in 0.001291 seconds 
========================================================================
Received Import Request.
  Time since last request: 2.973170 seconds.
  path: Assets/Scripts/IWeapon.cs
  artifactKey: Guid(6b9ea502b3d779148ad596e2ae82e638) Importer(815301076,1909f56bfc062723c751e8b465ee728b)
Start importing Assets/Scripts/IWeapon.cs using Guid(6b9ea502b3d779148ad596e2ae82e638) Importer(815301076,1909f56bfc062723c751e8b465ee728b)  -> (artifact id: 'e0cccc62bc9d228967f43616ec0b3435') in 0.001242 seconds 
========================================================================
Received Import Request.
  Time since last request: 3.936908 seconds.
  path: Assets/Scripts/IWeapon.cs
  artifactKey: Guid(6b9ea502b3d779148ad596e2ae82e638) Importer(815301076,1909f56bfc062723c751e8b465ee728b)
Start importing Assets/Scripts/IWeapon.cs using Guid(6b9ea502b3d779148ad596e2ae82e638) Importer(815301076,1909f56bfc062723c751e8b465ee728b)  -> (artifact id: '47d2f9e8cc17df1048bde20ed4566c33') in 0.001302 seconds 
========================================================================
Received Import Request.
  Time since last request: 3.930587 seconds.
  path: Assets/Scripts/IWeapon.cs
  artifactKey: Guid(6b9ea502b3d779148ad596e2ae82e638) Importer(815301076,1909f56bfc062723c751e8b465ee728b)
Start importing Assets/Scripts/IWeapon.cs using Guid(6b9ea502b3d779148ad596e2ae82e638) Importer(815301076,1909f56bfc062723c751e8b465ee728b)  -> (artifact id: '25b455637f70b74bad9ee05da429b29f') in 0.001252 seconds 
========================================================================
Received Import Request.
  Time since last request: 10.404983 seconds.
  path: Assets/Scripts/IWeapon.cs
  artifactKey: Guid(6b9ea502b3d779148ad596e2ae82e638) Importer(815301076,1909f56bfc062723c751e8b465ee728b)
Start importing Assets/Scripts/IWeapon.cs using Guid(6b9ea502b3d779148ad596e2ae82e638) Importer(815301076,1909f56bfc062723c751e8b465ee728b)  -> (artifact id: '42321b7663cf65ffd1c24ad68ec9a0ea') in 0.001251 seconds 
========================================================================
Received Import Request.
  Time since last request: 10.808731 seconds.
  path: Assets/Scripts/IWeapon.cs
  artifactKey: Guid(6b9ea502b3d779148ad596e2ae82e638) Importer(815301076,1909f56bfc062723c751e8b465ee728b)
Start importing Assets/Scripts/IWeapon.cs using Guid(6b9ea502b3d779148ad596e2ae82e638) Importer(815301076,1909f56bfc062723c751e8b465ee728b)  -> (artifact id: 'd13b65300424d66a4a0d3238fb361bfe') in 0.001261 seconds 
========================================================================
Received Import Request.
  Time since last request: 12.103914 seconds.
  path: Assets/Scripts/IWeapon.cs
  artifactKey: Guid(6b9ea502b3d779148ad596e2ae82e638) Importer(815301076,1909f56bfc062723c751e8b465ee728b)
Start importing Assets/Scripts/IWeapon.cs using Guid(6b9ea502b3d779148ad596e2ae82e638) Importer(815301076,1909f56bfc062723c751e8b465ee728b)  -> (artifact id: '4fed62b26a6b19a78084ca0e82b138c5') in 0.001164 seconds 
========================================================================
Received Import Request.
  Time since last request: 18.251109 seconds.
  path: Assets/Scripts/IWeapon.cs
  artifactKey: Guid(6b9ea502b3d779148ad596e2ae82e638) Importer(815301076,1909f56bfc062723c751e8b465ee728b)
Start importing Assets/Scripts/IWeapon.cs using Guid(6b9ea502b3d779148ad596e2ae82e638) Importer(815301076,1909f56bfc062723c751e8b465ee728b)  -> (artifact id: '5ebc1f1cff899c36922d0ac8831997ae') in 0.001774 seconds 
========================================================================
Received Import Request.
  Time since last request: 38.802501 seconds.
  path: Assets/Scripts/WeaponConfig.cs
  artifactKey: Guid(08d68ad3c013d434e925d40cc44ad270) Importer(815301076,1909f56bfc062723c751e8b465ee728b)
Start importing Assets/Scripts/WeaponConfig.cs using Guid(08d68ad3c013d434e925d40cc44ad270) Importer(815301076,1909f56bfc062723c751e8b465ee728b)  -> (artifact id: '4d82721107b576cba07a7238fe89268d') in 0.005517 seconds 
========================================================================
Received Import Request.
  Time since last request: 18.873879 seconds.
  path: Assets/Scripts/WeaponConfig.cs
  artifactKey: Guid(08d68ad3c013d434e925d40cc44ad270) Importer(815301076,1909f56bfc062723c751e8b465ee728b)
Start importing Assets/Scripts/WeaponConfig.cs using Guid(08d68ad3c013d434e925d40cc44ad270) Importer(815301076,1909f56bfc062723c751e8b465ee728b)  -> (artifact id: '12eec99c73723f43f74e8b2221013ceb') in 0.002138 seconds 
========================================================================
Received Import Request.
  Time since last request: 3.536526 seconds.
  path: Assets/Scripts/WeaponConfig.cs
  artifactKey: Guid(08d68ad3c013d434e925d40cc44ad270) Importer(815301076,1909f56bfc062723c751e8b465ee728b)
Start importing Assets/Scripts/WeaponConfig.cs using Guid(08d68ad3c013d434e925d40cc44ad270) Importer(815301076,1909f56bfc062723c751e8b465ee728b)  -> (artifact id: 'f0292c9f73b38ca9b414f7159e8e2ccd') in 0.001237 seconds 
========================================================================
Received Import Request.
  Time since last request: 41.875572 seconds.
  path: Assets/Scripts/WeaponConfig.cs
  artifactKey: Guid(08d68ad3c013d434e925d40cc44ad270) Importer(815301076,1909f56bfc062723c751e8b465ee728b)
Start importing Assets/Scripts/WeaponConfig.cs using Guid(08d68ad3c013d434e925d40cc44ad270) Importer(815301076,1909f56bfc062723c751e8b465ee728b)  -> (artifact id: '92dcaa911fd33c9866818fb3b939ce5c') in 0.001286 seconds 
========================================================================
Received Import Request.
  Time since last request: 14.177827 seconds.
  path: Assets/Scripts/WeaponConfig.cs
  artifactKey: Guid(08d68ad3c013d434e925d40cc44ad270) Importer(815301076,1909f56bfc062723c751e8b465ee728b)
Start importing Assets/Scripts/WeaponConfig.cs using Guid(08d68ad3c013d434e925d40cc44ad270) Importer(815301076,1909f56bfc062723c751e8b465ee728b)  -> (artifact id: '46fb95cb727a71c4856552d018d83375') in 0.001522 seconds 
========================================================================
Received Import Request.
  Time since last request: 12.091642 seconds.
  path: Assets/Scripts/WeaponConfig.cs
  artifactKey: Guid(08d68ad3c013d434e925d40cc44ad270) Importer(815301076,1909f56bfc062723c751e8b465ee728b)
Start importing Assets/Scripts/WeaponConfig.cs using Guid(08d68ad3c013d434e925d40cc44ad270) Importer(815301076,1909f56bfc062723c751e8b465ee728b)  -> (artifact id: '993c02e14696c287434b0787b340fbd1') in 0.001439 seconds 
========================================================================
Received Import Request.
  Time since last request: 6.624300 seconds.
  path: Assets/Scripts/WeaponConfig.cs
  artifactKey: Guid(08d68ad3c013d434e925d40cc44ad270) Importer(815301076,1909f56bfc062723c751e8b465ee728b)
Start importing Assets/Scripts/WeaponConfig.cs using Guid(08d68ad3c013d434e925d40cc44ad270) Importer(815301076,1909f56bfc062723c751e8b465ee728b)  -> (artifact id: 'f4da3c4ec08188c0fc0c27d159909adc') in 0.001414 seconds 
========================================================================
Received Import Request.
  Time since last request: 13.528236 seconds.
  path: Assets/Scripts/WeaponConfig.cs
  artifactKey: Guid(08d68ad3c013d434e925d40cc44ad270) Importer(815301076,1909f56bfc062723c751e8b465ee728b)
Start importing Assets/Scripts/WeaponConfig.cs using Guid(08d68ad3c013d434e925d40cc44ad270) Importer(815301076,1909f56bfc062723c751e8b465ee728b)  -> (artifact id: '1c44384a22ef5926708b517f5c2ec7ca') in 0.001396 seconds 
========================================================================
Received Import Request.
  Time since last request: 12.286952 seconds.
  path: Assets/Scripts/WeaponConfig.cs
  artifactKey: Guid(08d68ad3c013d434e925d40cc44ad270) Importer(815301076,1909f56bfc062723c751e8b465ee728b)
Start importing Assets/Scripts/WeaponConfig.cs using Guid(08d68ad3c013d434e925d40cc44ad270) Importer(815301076,1909f56bfc062723c751e8b465ee728b)  -> (artifact id: '2d0f9a9ff12df99b02489e300d1da8ca') in 0.001339 seconds 
========================================================================
Received Import Request.
  Time since last request: 2.553852 seconds.
  path: Assets/Scripts/WeaponConfig.cs
  artifactKey: Guid(08d68ad3c013d434e925d40cc44ad270) Importer(815301076,1909f56bfc062723c751e8b465ee728b)
Start importing Assets/Scripts/WeaponConfig.cs using Guid(08d68ad3c013d434e925d40cc44ad270) Importer(815301076,1909f56bfc062723c751e8b465ee728b)  -> (artifact id: '9ec1c7a19618fe260e9b203affb4bcf9') in 0.001413 seconds 
========================================================================
Received Import Request.
  Time since last request: 6.155683 seconds.
  path: Assets/Scripts/WeaponConfig.cs
  artifactKey: Guid(08d68ad3c013d434e925d40cc44ad270) Importer(815301076,1909f56bfc062723c751e8b465ee728b)
Start importing Assets/Scripts/WeaponConfig.cs using Guid(08d68ad3c013d434e925d40cc44ad270) Importer(815301076,1909f56bfc062723c751e8b465ee728b)  -> (artifact id: 'b5d0db2253b07ce2765945868600819d') in 0.001213 seconds 
========================================================================
Received Import Request.
  Time since last request: 22.641799 seconds.
  path: Assets/Scripts/WeaponConfig.cs
  artifactKey: Guid(08d68ad3c013d434e925d40cc44ad270) Importer(815301076,1909f56bfc062723c751e8b465ee728b)
Start importing Assets/Scripts/WeaponConfig.cs using Guid(08d68ad3c013d434e925d40cc44ad270) Importer(815301076,1909f56bfc062723c751e8b465ee728b)  -> (artifact id: '87feecfa831793092d7f10821484e5df') in 0.001609 seconds 
========================================================================
Received Import Request.
  Time since last request: 6.195614 seconds.
  path: Assets/Scripts/WeaponConfig.cs
  artifactKey: Guid(08d68ad3c013d434e925d40cc44ad270) Importer(815301076,1909f56bfc062723c751e8b465ee728b)
Start importing Assets/Scripts/WeaponConfig.cs using Guid(08d68ad3c013d434e925d40cc44ad270) Importer(815301076,1909f56bfc062723c751e8b465ee728b)  -> (artifact id: 'fe12c46015ba1a4c3030cb1c18d0914a') in 0.001311 seconds 
========================================================================
Received Import Request.
  Time since last request: 19.624820 seconds.
  path: Assets/Scripts/WeaponConfig.cs
  artifactKey: Guid(08d68ad3c013d434e925d40cc44ad270) Importer(815301076,1909f56bfc062723c751e8b465ee728b)
Start importing Assets/Scripts/WeaponConfig.cs using Guid(08d68ad3c013d434e925d40cc44ad270) Importer(815301076,1909f56bfc062723c751e8b465ee728b)  -> (artifact id: '8087776074189a2a4124825a5c29e629') in 0.001428 seconds 
========================================================================
Received Import Request.
  Time since last request: 9.502761 seconds.
  path: Assets/Scripts/WeaponConfig.cs
  artifactKey: Guid(08d68ad3c013d434e925d40cc44ad270) Importer(815301076,1909f56bfc062723c751e8b465ee728b)
Start importing Assets/Scripts/WeaponConfig.cs using Guid(08d68ad3c013d434e925d40cc44ad270) Importer(815301076,1909f56bfc062723c751e8b465ee728b)  -> (artifact id: 'e0a235bd9fa3b562ec17d352915ca5b9') in 0.001413 seconds 
========================================================================
Received Import Request.
  Time since last request: 23.536235 seconds.
  path: Assets/Scripts/WeaponConfig.cs
  artifactKey: Guid(08d68ad3c013d434e925d40cc44ad270) Importer(815301076,1909f56bfc062723c751e8b465ee728b)
Start importing Assets/Scripts/WeaponConfig.cs using Guid(08d68ad3c013d434e925d40cc44ad270) Importer(815301076,1909f56bfc062723c751e8b465ee728b)  -> (artifact id: 'dcecc8f2eaca832937c9a9b26dba4e84') in 0.001478 seconds 
========================================================================
Received Import Request.
  Time since last request: 21.145028 seconds.
  path: Assets/Scripts/WeaponConfig.cs
  artifactKey: Guid(08d68ad3c013d434e925d40cc44ad270) Importer(815301076,1909f56bfc062723c751e8b465ee728b)
Start importing Assets/Scripts/WeaponConfig.cs using Guid(08d68ad3c013d434e925d40cc44ad270) Importer(815301076,1909f56bfc062723c751e8b465ee728b)  -> (artifact id: '158b453b6e3554e1ce8129fea7c87241') in 0.001287 seconds 
========================================================================
Received Import Request.
  Time since last request: 21.334474 seconds.
  path: Assets/Scripts/WeaponConfig.cs
  artifactKey: Guid(08d68ad3c013d434e925d40cc44ad270) Importer(815301076,1909f56bfc062723c751e8b465ee728b)
Start importing Assets/Scripts/WeaponConfig.cs using Guid(08d68ad3c013d434e925d40cc44ad270) Importer(815301076,1909f56bfc062723c751e8b465ee728b)  -> (artifact id: '79ce771a978b28ce8b69ae1354cf0856') in 0.001213 seconds 
========================================================================
Received Import Request.
  Time since last request: 19.953666 seconds.
  path: Assets/Scripts/WeaponDecorator.cs
  artifactKey: Guid(c2294872d380a1546acc04601da2493a) Importer(815301076,1909f56bfc062723c751e8b465ee728b)
Start importing Assets/Scripts/WeaponDecorator.cs using Guid(c2294872d380a1546acc04601da2493a) Importer(815301076,1909f56bfc062723c751e8b465ee728b)  -> (artifact id: '3f118c28ba4dc65a3dc7ab1690b81110') in 0.004543 seconds 
========================================================================
Received Import Request.
  Time since last request: 17.286846 seconds.
  path: Assets/Scripts/WeaponDecorator.cs
  artifactKey: Guid(c2294872d380a1546acc04601da2493a) Importer(815301076,1909f56bfc062723c751e8b465ee728b)
Start importing Assets/Scripts/WeaponDecorator.cs using Guid(c2294872d380a1546acc04601da2493a) Importer(815301076,1909f56bfc062723c751e8b465ee728b)  -> (artifact id: '2eb7ca1474f4a6e966be12836f4b55a0') in 0.001247 seconds 
========================================================================
Received Import Request.
  Time since last request: 13.401846 seconds.
  path: Assets/Scripts/WeaponDecorator.cs
  artifactKey: Guid(c2294872d380a1546acc04601da2493a) Importer(815301076,1909f56bfc062723c751e8b465ee728b)
Start importing Assets/Scripts/WeaponDecorator.cs using Guid(c2294872d380a1546acc04601da2493a) Importer(815301076,1909f56bfc062723c751e8b465ee728b)  -> (artifact id: 'ed4a82aa1f1967fba303fa82d1a67a05') in 0.001601 seconds 
========================================================================
Received Import Request.
  Time since last request: 21.840889 seconds.
  path: Assets/Scripts/WeaponDecorator.cs
  artifactKey: Guid(c2294872d380a1546acc04601da2493a) Importer(815301076,1909f56bfc062723c751e8b465ee728b)
Start importing Assets/Scripts/WeaponDecorator.cs using Guid(c2294872d380a1546acc04601da2493a) Importer(815301076,1909f56bfc062723c751e8b465ee728b)  -> (artifact id: '14ed924cac8d3bf72e078fe62c6df991') in 0.001886 seconds 
========================================================================
Received Import Request.
  Time since last request: 23.690852 seconds.
  path: Assets/Scripts/WeaponAttachment.cs
  artifactKey: Guid(9f5be3579c3e4d7498d9d783c24ec651) Importer(815301076,1909f56bfc062723c751e8b465ee728b)
Start importing Assets/Scripts/WeaponAttachment.cs using Guid(9f5be3579c3e4d7498d9d783c24ec651) Importer(815301076,1909f56bfc062723c751e8b465ee728b)  -> (artifact id: 'ad79a94b9db7eaa38eaebbe4e5811eb0') in 0.004885 seconds 
========================================================================
Received Import Request.
  Time since last request: 18.890499 seconds.
  path: Assets/Scripts/WeaponAttachment.cs
  artifactKey: Guid(9f5be3579c3e4d7498d9d783c24ec651) Importer(815301076,1909f56bfc062723c751e8b465ee728b)
Start importing Assets/Scripts/WeaponAttachment.cs using Guid(9f5be3579c3e4d7498d9d783c24ec651) Importer(815301076,1909f56bfc062723c751e8b465ee728b)  -> (artifact id: '1a470c2923d392f86bdd48b3cbb8e216') in 0.001241 seconds 
========================================================================
Received Prepare
Registering precompiled user dll's ...
Registered in 0.003810 seconds.
Begin MonoManager ReloadAssembly
Symbol file LoadedFromMemory doesn't match image D:\Homework\Game systems Architecture\Decorator\Decorator\Decorator\Library\PackageCache\com.unity.visualscripting@1.7.8\Editor\VisualScripting.Core\Dependencies\YamlDotNet\Unity.VisualScripting.YamlDotNet.dll
Symbol file LoadedFromMemory doesn't match image D:\Homework\Game systems Architecture\Decorator\Decorator\Decorator\Library\PackageCache\com.unity.visualscripting@1.7.8\Editor\VisualScripting.Core\Dependencies\DotNetZip\Unity.VisualScripting.IonicZip.dll
Native extension for WindowsStandalone target not found
Native extension for WebGL target not found
Refreshing native plugins compatible for Editor in 0.57 ms, found 3 plugins.
Preloading 0 native plugins for Editor in 0.00 ms.
Mono: successfully reloaded assembly
- Completed reload, in  0.916 seconds
Domain Reload Profiling:
	ReloadAssembly (917ms)
		BeginReloadAssembly (122ms)
			ExecutionOrderSort (0ms)
			DisableScriptedObjects (8ms)
			BackupInstance (0ms)
			ReleaseScriptingObjects (0ms)
			CreateAndSetChildDomain (30ms)
		EndReloadAssembly (704ms)
			LoadAssemblies (78ms)
			RebuildTransferFunctionScriptingTraits (0ms)
			SetupTypeCache (274ms)
			ReleaseScriptCaches (1ms)
			RebuildScriptCaches (37ms)
			SetupLoadedEditorAssemblies (283ms)
				LogAssemblyErrors (0ms)
				InitializePlatformSupportModulesInManaged (15ms)
				SetLoadedEditorAssemblies (1ms)
				RefreshPlugins (1ms)
				BeforeProcessingInitializeOnLoad (55ms)
				ProcessInitializeOnLoadAttributes (179ms)
				ProcessInitializeOnLoadMethodAttributes (26ms)
				AfterProcessingInitializeOnLoad (7ms)
				EditorAssembliesLoaded (0ms)
			ExecutionOrderSort2 (0ms)
			AwakeInstancesAfterBackupRestoration (5ms)
Platform modules already initialized, skipping
Refreshing native plugins compatible for Editor in 1.26 ms, found 3 plugins.
Preloading 0 native plugins for Editor in 0.00 ms.
Unloading 3381 Unused Serialized files (Serialized files now loaded: 0)
Unloading 20 unused Assets / (78.5 KB). Loaded Objects now: 3855.
Memory consumption went from 116.4 MB to 116.4 MB.
Total: 2.831900 ms (FindLiveObjects: 0.208400 ms CreateObjectMapping: 0.112300 ms MarkObjects: 2.447000 ms  DeleteObjects: 0.063500 ms)

AssetImportParameters requested are different than current active one (requested -> active):
  custom:video-decoder-ogg-theora: a1e56fd34408186e4bbccfd4996cb3dc -> 
  custom:container-muxer-webm: aa71ff27fc2769a1b78a27578f13a17b -> 
  custom:container-demuxer-webm: 4f35f7cbe854078d1ac9338744f61a02 -> 
  custom:video-encoder-webm-vp8: eb34c28f22e8b96e1ab97ce403110664 -> 
  custom:audio-encoder-webm-vorbis: bf7c407c2cedff20999df2af8eb42d56 -> 
  custom:framework-win-MediaFoundation: 216162199b28c13a410421893ffa2e32 -> 
  custom:container-demuxer-ogg: 62fdf1f143b41e24485cea50d1cbac27 -> 
  custom:video-decoder-webm-vp8: 9c59270c3fd7afecdb556c50c9e8de78 -> 
  custom:audio-decoder-ogg-vorbis: bf7c407c2cedff20999df2af8eb42d56 -> 
========================================================================
Received Import Request.
  Time since last request: 54.016999 seconds.
  path: Assets/Scenes
  artifactKey: Guid(6ea315d0fd7389c41b19996891e99ae3) Importer(815301076,1909f56bfc062723c751e8b465ee728b)
Start importing Assets/Scenes using Guid(6ea315d0fd7389c41b19996891e99ae3) Importer(815301076,1909f56bfc062723c751e8b465ee728b)  -> (artifact id: 'b8193726cff86800c54781cdc6d54904') in 0.008885 seconds 
========================================================================
Received Import Request.
  Time since last request: 12.322288 seconds.
  path: Assets/Scripts/ClientDecorator.cs
  artifactKey: Guid(3792bddda6103154bb88e695ccdcd1df) Importer(815301076,1909f56bfc062723c751e8b465ee728b)
Start importing Assets/Scripts/ClientDecorator.cs using Guid(3792bddda6103154bb88e695ccdcd1df) Importer(815301076,1909f56bfc062723c751e8b465ee728b)  -> (artifact id: 'a4c3ffc4887c4a260b9c7fec1570f0dd') in 0.004873 seconds 
========================================================================
Received Prepare
Registering precompiled user dll's ...
Registered in 0.003806 seconds.
Begin MonoManager ReloadAssembly
Symbol file LoadedFromMemory doesn't match image D:\Homework\Game systems Architecture\Decorator\Decorator\Decorator\Library\PackageCache\com.unity.visualscripting@1.7.8\Editor\VisualScripting.Core\Dependencies\YamlDotNet\Unity.VisualScripting.YamlDotNet.dll
Symbol file LoadedFromMemory doesn't match image D:\Homework\Game systems Architecture\Decorator\Decorator\Decorator\Library\PackageCache\com.unity.visualscripting@1.7.8\Editor\VisualScripting.Core\Dependencies\DotNetZip\Unity.VisualScripting.IonicZip.dll
Native extension for WindowsStandalone target not found
Native extension for WebGL target not found
Refreshing native plugins compatible for Editor in 0.43 ms, found 3 plugins.
Preloading 0 native plugins for Editor in 0.00 ms.
Mono: successfully reloaded assembly
- Completed reload, in  0.904 seconds
Domain Reload Profiling:
	ReloadAssembly (904ms)
		BeginReloadAssembly (118ms)
			ExecutionOrderSort (0ms)
			DisableScriptedObjects (5ms)
			BackupInstance (0ms)
			ReleaseScriptingObjects (0ms)
			CreateAndSetChildDomain (32ms)
		EndReloadAssembly (701ms)
			LoadAssemblies (69ms)
			RebuildTransferFunctionScriptingTraits (0ms)
			SetupTypeCache (246ms)
			ReleaseScriptCaches (1ms)
			RebuildScriptCaches (33ms)
			SetupLoadedEditorAssemblies (308ms)
				LogAssemblyErrors (0ms)
				InitializePlatformSupportModulesInManaged (13ms)
				SetLoadedEditorAssemblies (0ms)
				RefreshPlugins (0ms)
				BeforeProcessingInitializeOnLoad (58ms)
				ProcessInitializeOnLoadAttributes (194ms)
				ProcessInitializeOnLoadMethodAttributes (35ms)
				AfterProcessingInitializeOnLoad (7ms)
				EditorAssembliesLoaded (0ms)
			ExecutionOrderSort2 (0ms)
			AwakeInstancesAfterBackupRestoration (8ms)
Platform modules already initialized, skipping
Refreshing native plugins compatible for Editor in 1.32 ms, found 3 plugins.
Preloading 0 native plugins for Editor in 0.00 ms.
Unloading 3382 Unused Serialized files (Serialized files now loaded: 0)
Unloading 20 unused Assets / (78.5 KB). Loaded Objects now: 3859.
Memory consumption went from 116.5 MB to 116.4 MB.
Total: 2.610600 ms (FindLiveObjects: 0.213700 ms CreateObjectMapping: 0.173700 ms MarkObjects: 2.156400 ms  DeleteObjects: 0.066100 ms)

AssetImportParameters requested are different than current active one (requested -> active):
  custom:video-decoder-ogg-theora: a1e56fd34408186e4bbccfd4996cb3dc -> 
  custom:container-muxer-webm: aa71ff27fc2769a1b78a27578f13a17b -> 
  custom:container-demuxer-webm: 4f35f7cbe854078d1ac9338744f61a02 -> 
  custom:video-encoder-webm-vp8: eb34c28f22e8b96e1ab97ce403110664 -> 
  custom:audio-encoder-webm-vorbis: bf7c407c2cedff20999df2af8eb42d56 -> 
  custom:framework-win-MediaFoundation: 216162199b28c13a410421893ffa2e32 -> 
  custom:container-demuxer-ogg: 62fdf1f143b41e24485cea50d1cbac27 -> 
  custom:video-decoder-webm-vp8: 9c59270c3fd7afecdb556c50c9e8de78 -> 
  custom:audio-decoder-ogg-vorbis: bf7c407c2cedff20999df2af8eb42d56 -> 
========================================================================
Received Import Request.
  Time since last request: 39.864939 seconds.
  path: Assets/Scripts/ClientDecorator.cs
  artifactKey: Guid(3792bddda6103154bb88e695ccdcd1df) Importer(815301076,1909f56bfc062723c751e8b465ee728b)
Start importing Assets/Scripts/ClientDecorator.cs using Guid(3792bddda6103154bb88e695ccdcd1df) Importer(815301076,1909f56bfc062723c751e8b465ee728b)  -> (artifact id: 'f8a7ca85e2874e645bef7ed3a095e5ff') in 0.004613 seconds 
========================================================================
Received Import Request.
  Time since last request: 1.936912 seconds.
  path: Assets/Scripts/ClientDecorator.cs
  artifactKey: Guid(3792bddda6103154bb88e695ccdcd1df) Importer(815301076,1909f56bfc062723c751e8b465ee728b)
Start importing Assets/Scripts/ClientDecorator.cs using Guid(3792bddda6103154bb88e695ccdcd1df) Importer(815301076,1909f56bfc062723c751e8b465ee728b)  -> (artifact id: '2b89f56083f80a88d89e5e23ab09d8df') in 0.001282 seconds 
========================================================================
Received Prepare
Registering precompiled user dll's ...
Registered in 0.005585 seconds.
Begin MonoManager ReloadAssembly
Symbol file LoadedFromMemory doesn't match image D:\Homework\Game systems Architecture\Decorator\Decorator\Decorator\Library\PackageCache\com.unity.visualscripting@1.7.8\Editor\VisualScripting.Core\Dependencies\YamlDotNet\Unity.VisualScripting.YamlDotNet.dll
Symbol file LoadedFromMemory doesn't match image D:\Homework\Game systems Architecture\Decorator\Decorator\Decorator\Library\PackageCache\com.unity.visualscripting@1.7.8\Editor\VisualScripting.Core\Dependencies\DotNetZip\Unity.VisualScripting.IonicZip.dll
Native extension for WindowsStandalone target not found
Native extension for WebGL target not found
Refreshing native plugins compatible for Editor in 0.45 ms, found 3 plugins.
Preloading 0 native plugins for Editor in 0.00 ms.
Mono: successfully reloaded assembly
- Completed reload, in  0.869 seconds
Domain Reload Profiling:
	ReloadAssembly (869ms)
		BeginReloadAssembly (113ms)
			ExecutionOrderSort (0ms)
			DisableScriptedObjects (5ms)
			BackupInstance (0ms)
			ReleaseScriptingObjects (0ms)
			CreateAndSetChildDomain (30ms)
		EndReloadAssembly (664ms)
			LoadAssemblies (74ms)
			RebuildTransferFunctionScriptingTraits (0ms)
			SetupTypeCache (249ms)
			ReleaseScriptCaches (1ms)
			RebuildScriptCaches (38ms)
			SetupLoadedEditorAssemblies (268ms)
				LogAssemblyErrors (0ms)
				InitializePlatformSupportModulesInManaged (12ms)
				SetLoadedEditorAssemblies (0ms)
				RefreshPlugins (0ms)
				BeforeProcessingInitializeOnLoad (52ms)
				ProcessInitializeOnLoadAttributes (172ms)
				ProcessInitializeOnLoadMethodAttributes (24ms)
				AfterProcessingInitializeOnLoad (7ms)
				EditorAssembliesLoaded (0ms)
			ExecutionOrderSort2 (0ms)
			AwakeInstancesAfterBackupRestoration (5ms)
Platform modules already initialized, skipping
Refreshing native plugins compatible for Editor in 1.49 ms, found 3 plugins.
Preloading 0 native plugins for Editor in 0.00 ms.
Unloading 3382 Unused Serialized files (Serialized files now loaded: 0)
Unloading 20 unused Assets / (78.4 KB). Loaded Objects now: 3862.
Memory consumption went from 116.5 MB to 116.4 MB.
Total: 2.382700 ms (FindLiveObjects: 0.206400 ms CreateObjectMapping: 0.146400 ms MarkObjects: 1.967700 ms  DeleteObjects: 0.061500 ms)

AssetImportParameters requested are different than current active one (requested -> active):
  custom:video-decoder-ogg-theora: a1e56fd34408186e4bbccfd4996cb3dc -> 
  custom:container-muxer-webm: aa71ff27fc2769a1b78a27578f13a17b -> 
  custom:container-demuxer-webm: 4f35f7cbe854078d1ac9338744f61a02 -> 
  custom:video-encoder-webm-vp8: eb34c28f22e8b96e1ab97ce403110664 -> 
  custom:audio-encoder-webm-vorbis: bf7c407c2cedff20999df2af8eb42d56 -> 
  custom:framework-win-MediaFoundation: 216162199b28c13a410421893ffa2e32 -> 
  custom:container-demuxer-ogg: 62fdf1f143b41e24485cea50d1cbac27 -> 
  custom:video-decoder-webm-vp8: 9c59270c3fd7afecdb556c50c9e8de78 -> 
  custom:audio-decoder-ogg-vorbis: bf7c407c2cedff20999df2af8eb42d56 -> 
========================================================================
Received Prepare
Registering precompiled user dll's ...
Registered in 0.003943 seconds.
Begin MonoManager ReloadAssembly
Symbol file LoadedFromMemory doesn't match image D:\Homework\Game systems Architecture\Decorator\Decorator\Decorator\Library\PackageCache\com.unity.visualscripting@1.7.8\Editor\VisualScripting.Core\Dependencies\YamlDotNet\Unity.VisualScripting.YamlDotNet.dll
Symbol file LoadedFromMemory doesn't match image D:\Homework\Game systems Architecture\Decorator\Decorator\Decorator\Library\PackageCache\com.unity.visualscripting@1.7.8\Editor\VisualScripting.Core\Dependencies\DotNetZip\Unity.VisualScripting.IonicZip.dll
Native extension for WindowsStandalone target not found
Native extension for WebGL target not found
Refreshing native plugins compatible for Editor in 0.51 ms, found 3 plugins.
Preloading 0 native plugins for Editor in 0.00 ms.
Mono: successfully reloaded assembly
- Completed reload, in  0.880 seconds
Domain Reload Profiling:
	ReloadAssembly (880ms)
		BeginReloadAssembly (117ms)
			ExecutionOrderSort (0ms)
			DisableScriptedObjects (5ms)
			BackupInstance (0ms)
			ReleaseScriptingObjects (0ms)
			CreateAndSetChildDomain (32ms)
		EndReloadAssembly (665ms)
			LoadAssemblies (73ms)
			RebuildTransferFunctionScriptingTraits (0ms)
			SetupTypeCache (240ms)
			ReleaseScriptCaches (1ms)
			RebuildScriptCaches (36ms)
			SetupLoadedEditorAssemblies (287ms)
				LogAssemblyErrors (0ms)
				InitializePlatformSupportModulesInManaged (12ms)
				SetLoadedEditorAssemblies (0ms)
				RefreshPlugins (1ms)
				BeforeProcessingInitializeOnLoad (62ms)
				ProcessInitializeOnLoadAttributes (182ms)
				ProcessInitializeOnLoadMethodAttributes (24ms)
				AfterProcessingInitializeOnLoad (6ms)
				EditorAssembliesLoaded (0ms)
			ExecutionOrderSort2 (0ms)
			AwakeInstancesAfterBackupRestoration (5ms)
Platform modules already initialized, skipping
Refreshing native plugins compatible for Editor in 1.54 ms, found 3 plugins.
Preloading 0 native plugins for Editor in 0.00 ms.
Unloading 3382 Unused Serialized files (Serialized files now loaded: 0)
Unloading 20 unused Assets / (78.4 KB). Loaded Objects now: 3865.
Memory consumption went from 116.5 MB to 116.4 MB.
Total: 2.437300 ms (FindLiveObjects: 0.210000 ms CreateObjectMapping: 0.235100 ms MarkObjects: 1.924800 ms  DeleteObjects: 0.066600 ms)

AssetImportParameters requested are different than current active one (requested -> active):
  custom:video-decoder-ogg-theora: a1e56fd34408186e4bbccfd4996cb3dc -> 
  custom:container-muxer-webm: aa71ff27fc2769a1b78a27578f13a17b -> 
  custom:container-demuxer-webm: 4f35f7cbe854078d1ac9338744f61a02 -> 
  custom:video-encoder-webm-vp8: eb34c28f22e8b96e1ab97ce403110664 -> 
  custom:audio-encoder-webm-vorbis: bf7c407c2cedff20999df2af8eb42d56 -> 
  custom:framework-win-MediaFoundation: 216162199b28c13a410421893ffa2e32 -> 
  custom:container-demuxer-ogg: 62fdf1f143b41e24485cea50d1cbac27 -> 
  custom:video-decoder-webm-vp8: 9c59270c3fd7afecdb556c50c9e8de78 -> 
  custom:audio-decoder-ogg-vorbis: bf7c407c2cedff20999df2af8eb42d56 -> 
========================================================================
Received Import Request.
  Time since last request: 224.672026 seconds.
  path: Assets/Scripts/NewWeaponConfig.asset
  artifactKey: Guid(b79588a90c9d24a4d81b9ae1bd30f234) Importer(815301076,1909f56bfc062723c751e8b465ee728b)
Start importing Assets/Scripts/NewWeaponConfig.asset using Guid(b79588a90c9d24a4d81b9ae1bd30f234) Importer(815301076,1909f56bfc062723c751e8b465ee728b)  -> (artifact id: '7f9bdc81e29a0353be2f5963c37fd016') in 0.019244 seconds 
========================================================================
Received Import Request.
  Time since last request: 40.237741 seconds.
  path: Assets/gun.prefab
  artifactKey: Guid(b67b023ac9965ff47bf6e8d6933f0d64) Importer(815301076,1909f56bfc062723c751e8b465ee728b)
Start importing Assets/gun.prefab using Guid(b67b023ac9965ff47bf6e8d6933f0d64) Importer(815301076,1909f56bfc062723c751e8b465ee728b)  -> (artifact id: '825db6073aecfa570a55fb5050229a60') in 0.251312 seconds 
========================================================================
Received Import Request.
  Time since last request: 15.447383 seconds.
  path: Assets/Scripts/NewWeaponConfig.asset
  artifactKey: Guid(b79588a90c9d24a4d81b9ae1bd30f234) Importer(815301076,1909f56bfc062723c751e8b465ee728b)
Start importing Assets/Scripts/NewWeaponConfig.asset using Guid(b79588a90c9d24a4d81b9ae1bd30f234) Importer(815301076,1909f56bfc062723c751e8b465ee728b)  -> (artifact id: '2c7ba757c7d1be2affb71d9099606d14') in 0.001724 seconds 
========================================================================
Received Import Request.
  Time since last request: 43.641494 seconds.
  path: Assets/Scripts/NewWeaponAttachment.asset
  artifactKey: Guid(a3e8607634e6d1f478285aef115e10d9) Importer(815301076,1909f56bfc062723c751e8b465ee728b)
Start importing Assets/Scripts/NewWeaponAttachment.asset using Guid(a3e8607634e6d1f478285aef115e10d9) Importer(815301076,1909f56bfc062723c751e8b465ee728b)  -> (artifact id: 'b52b5cc835856da3f69d83d9bbaf012c') in 0.005785 seconds 
========================================================================
Received Import Request.
  Time since last request: 12.196874 seconds.
  path: Assets/Scripts/rate.asset
  artifactKey: Guid(a3e8607634e6d1f478285aef115e10d9) Importer(815301076,1909f56bfc062723c751e8b465ee728b)
Start importing Assets/Scripts/rate.asset using Guid(a3e8607634e6d1f478285aef115e10d9) Importer(815301076,1909f56bfc062723c751e8b465ee728b)  -> (artifact id: '4fdc2f42193aeaf0bc5ef231218cce10') in 0.005220 seconds 
========================================================================
Received Import Request.
  Time since last request: 16.444592 seconds.
  path: Assets/Sphere.prefab
  artifactKey: Guid(b29671bc41b4de745a9b11f566eae299) Importer(815301076,1909f56bfc062723c751e8b465ee728b)
Start importing Assets/Sphere.prefab using Guid(b29671bc41b4de745a9b11f566eae299) Importer(815301076,1909f56bfc062723c751e8b465ee728b)  -> (artifact id: '94aede2075cbee5f48c85f10d96d0ca6') in 0.013084 seconds 
========================================================================
Received Import Request.
  Time since last request: 73.578711 seconds.
  path: Assets/Scripts/Strength.asset
  artifactKey: Guid(11a06699f7752cb40911be29013b0a1e) Importer(815301076,1909f56bfc062723c751e8b465ee728b)
Start importing Assets/Scripts/Strength.asset using Guid(11a06699f7752cb40911be29013b0a1e) Importer(815301076,1909f56bfc062723c751e8b465ee728b)  -> (artifact id: 'dede0ef866639eabc0749813da653073') in 0.005468 seconds 
========================================================================
Received Import Request.
  Time since last request: 15.274813 seconds.
  path: Assets/Capsule.prefab
  artifactKey: Guid(35df6abe74e70ee498b6578d46e6bcca) Importer(815301076,1909f56bfc062723c751e8b465ee728b)
Start importing Assets/Capsule.prefab using Guid(35df6abe74e70ee498b6578d46e6bcca) Importer(815301076,1909f56bfc062723c751e8b465ee728b)  -> (artifact id: '865dad20cb4742d7570a209e49350e32') in 0.082055 seconds 
========================================================================
Received Import Request.
  Time since last request: 21.041374 seconds.
  path: Assets/Scripts/Webon.asset
  artifactKey: Guid(b79588a90c9d24a4d81b9ae1bd30f234) Importer(815301076,1909f56bfc062723c751e8b465ee728b)
Start importing Assets/Scripts/Webon.asset using Guid(b79588a90c9d24a4d81b9ae1bd30f234) Importer(815301076,1909f56bfc062723c751e8b465ee728b)  -> (artifact id: '8b37446a2d1f181f80392fe16de2e452') in 0.005457 seconds 
========================================================================
Received Import Request.
  Time since last request: 13.187682 seconds.
  path: Assets/Scripts/rate.asset
  artifactKey: Guid(a3e8607634e6d1f478285aef115e10d9) Importer(815301076,1909f56bfc062723c751e8b465ee728b)
Start importing Assets/Scripts/rate.asset using Guid(a3e8607634e6d1f478285aef115e10d9) Importer(815301076,1909f56bfc062723c751e8b465ee728b)  -> (artifact id: '434edd63ea72f17a03f047fa68355bcb') in 0.006276 seconds 
========================================================================
Received Prepare
Registering precompiled user dll's ...
Registered in 0.004335 seconds.
Begin MonoManager ReloadAssembly
Symbol file LoadedFromMemory doesn't match image D:\Homework\Game systems Architecture\Decorator\Decorator\Decorator\Library\PackageCache\com.unity.visualscripting@1.7.8\Editor\VisualScripting.Core\Dependencies\YamlDotNet\Unity.VisualScripting.YamlDotNet.dll
Symbol file LoadedFromMemory doesn't match image D:\Homework\Game systems Architecture\Decorator\Decorator\Decorator\Library\PackageCache\com.unity.visualscripting@1.7.8\Editor\VisualScripting.Core\Dependencies\DotNetZip\Unity.VisualScripting.IonicZip.dll
Native extension for WindowsStandalone target not found
Native extension for WebGL target not found
Refreshing native plugins compatible for Editor in 0.52 ms, found 3 plugins.
Preloading 0 native plugins for Editor in 0.00 ms.
Mono: successfully reloaded assembly
- Completed reload, in  0.895 seconds
Domain Reload Profiling:
	ReloadAssembly (895ms)
		BeginReloadAssembly (114ms)
			ExecutionOrderSort (0ms)
			DisableScriptedObjects (5ms)
			BackupInstance (0ms)
			ReleaseScriptingObjects (0ms)
			CreateAndSetChildDomain (30ms)
		EndReloadAssembly (685ms)
			LoadAssemblies (71ms)
			RebuildTransferFunctionScriptingTraits (0ms)
			SetupTypeCache (244ms)
			ReleaseScriptCaches (1ms)
			RebuildScriptCaches (36ms)
			SetupLoadedEditorAssemblies (294ms)
				LogAssemblyErrors (0ms)
				InitializePlatformSupportModulesInManaged (12ms)
				SetLoadedEditorAssemblies (1ms)
				RefreshPlugins (1ms)
				BeforeProcessingInitializeOnLoad (56ms)
				ProcessInitializeOnLoadAttributes (193ms)
				ProcessInitializeOnLoadMethodAttributes (26ms)
				AfterProcessingInitializeOnLoad (6ms)
				EditorAssembliesLoaded (0ms)
			ExecutionOrderSort2 (0ms)
			AwakeInstancesAfterBackupRestoration (6ms)
Platform modules already initialized, skipping
Refreshing native plugins compatible for Editor in 1.34 ms, found 3 plugins.
Preloading 0 native plugins for Editor in 0.00 ms.
Unloading 3382 Unused Serialized files (Serialized files now loaded: 0)
Unloading 20 unused Assets / (78.5 KB). Loaded Objects now: 3879.
Memory consumption went from 121.0 MB to 120.9 MB.
Total: 3.540000 ms (FindLiveObjects: 0.205500 ms CreateObjectMapping: 0.216700 ms MarkObjects: 3.038400 ms  DeleteObjects: 0.078400 ms)

AssetImportParameters requested are different than current active one (requested -> active):
  custom:video-decoder-ogg-theora: a1e56fd34408186e4bbccfd4996cb3dc -> 
  custom:container-muxer-webm: aa71ff27fc2769a1b78a27578f13a17b -> 
  custom:container-demuxer-webm: 4f35f7cbe854078d1ac9338744f61a02 -> 
  custom:video-encoder-webm-vp8: eb34c28f22e8b96e1ab97ce403110664 -> 
  custom:audio-encoder-webm-vorbis: bf7c407c2cedff20999df2af8eb42d56 -> 
  custom:framework-win-MediaFoundation: 216162199b28c13a410421893ffa2e32 -> 
  custom:container-demuxer-ogg: 62fdf1f143b41e24485cea50d1cbac27 -> 
  custom:video-decoder-webm-vp8: 9c59270c3fd7afecdb556c50c9e8de78 -> 
  custom:audio-decoder-ogg-vorbis: bf7c407c2cedff20999df2af8eb42d56 -> 
========================================================================
Received Prepare
Registering precompiled user dll's ...
Registered in 0.004373 seconds.
Begin MonoManager ReloadAssembly
Symbol file LoadedFromMemory doesn't match image D:\Homework\Game systems Architecture\Decorator\Decorator\Decorator\Library\PackageCache\com.unity.visualscripting@1.7.8\Editor\VisualScripting.Core\Dependencies\YamlDotNet\Unity.VisualScripting.YamlDotNet.dll
Symbol file LoadedFromMemory doesn't match image D:\Homework\Game systems Architecture\Decorator\Decorator\Decorator\Library\PackageCache\com.unity.visualscripting@1.7.8\Editor\VisualScripting.Core\Dependencies\DotNetZip\Unity.VisualScripting.IonicZip.dll
Native extension for WindowsStandalone target not found
Native extension for WebGL target not found
Refreshing native plugins compatible for Editor in 0.46 ms, found 3 plugins.
Preloading 0 native plugins for Editor in 0.00 ms.
Mono: successfully reloaded assembly
- Completed reload, in  0.893 seconds
Domain Reload Profiling:
	ReloadAssembly (894ms)
		BeginReloadAssembly (113ms)
			ExecutionOrderSort (0ms)
			DisableScriptedObjects (5ms)
			BackupInstance (0ms)
			ReleaseScriptingObjects (0ms)
			CreateAndSetChildDomain (27ms)
		EndReloadAssembly (685ms)
			LoadAssemblies (72ms)
			RebuildTransferFunctionScriptingTraits (0ms)
			SetupTypeCache (237ms)
			ReleaseScriptCaches (1ms)
			RebuildScriptCaches (36ms)
			SetupLoadedEditorAssemblies (297ms)
				LogAssemblyErrors (0ms)
				InitializePlatformSupportModulesInManaged (14ms)
				SetLoadedEditorAssemblies (0ms)
				RefreshPlugins (0ms)
				BeforeProcessingInitializeOnLoad (57ms)
				ProcessInitializeOnLoadAttributes (191ms)
				ProcessInitializeOnLoadMethodAttributes (25ms)
				AfterProcessingInitializeOnLoad (8ms)
				EditorAssembliesLoaded (0ms)
			ExecutionOrderSort2 (0ms)
			AwakeInstancesAfterBackupRestoration (5ms)
Platform modules already initialized, skipping
Refreshing native plugins compatible for Editor in 1.91 ms, found 3 plugins.
Preloading 0 native plugins for Editor in 0.00 ms.
Unloading 3382 Unused Serialized files (Serialized files now loaded: 0)
Unloading 20 unused Assets / (78.5 KB). Loaded Objects now: 3882.
Memory consumption went from 121.0 MB to 120.9 MB.
Total: 2.966300 ms (FindLiveObjects: 0.302800 ms CreateObjectMapping: 0.169700 ms MarkObjects: 2.411900 ms  DeleteObjects: 0.080700 ms)

AssetImportParameters requested are different than current active one (requested -> active):
  custom:video-decoder-ogg-theora: a1e56fd34408186e4bbccfd4996cb3dc -> 
  custom:container-muxer-webm: aa71ff27fc2769a1b78a27578f13a17b -> 
  custom:container-demuxer-webm: 4f35f7cbe854078d1ac9338744f61a02 -> 
  custom:video-encoder-webm-vp8: eb34c28f22e8b96e1ab97ce403110664 -> 
  custom:audio-encoder-webm-vorbis: bf7c407c2cedff20999df2af8eb42d56 -> 
  custom:framework-win-MediaFoundation: 216162199b28c13a410421893ffa2e32 -> 
  custom:container-demuxer-ogg: 62fdf1f143b41e24485cea50d1cbac27 -> 
  custom:video-decoder-webm-vp8: 9c59270c3fd7afecdb556c50c9e8de78 -> 
  custom:audio-decoder-ogg-vorbis: bf7c407c2cedff20999df2af8eb42d56 -> 
========================================================================
Received Prepare
Registering precompiled user dll's ...
Registered in 0.003727 seconds.
Begin MonoManager ReloadAssembly
Symbol file LoadedFromMemory doesn't match image D:\Homework\Game systems Architecture\Decorator\Decorator\Decorator\Library\PackageCache\com.unity.visualscripting@1.7.8\Editor\VisualScripting.Core\Dependencies\YamlDotNet\Unity.VisualScripting.YamlDotNet.dll
Symbol file LoadedFromMemory doesn't match image D:\Homework\Game systems Architecture\Decorator\Decorator\Decorator\Library\PackageCache\com.unity.visualscripting@1.7.8\Editor\VisualScripting.Core\Dependencies\DotNetZip\Unity.VisualScripting.IonicZip.dll
Native extension for WindowsStandalone target not found
Native extension for WebGL target not found
Refreshing native plugins compatible for Editor in 0.47 ms, found 3 plugins.
Preloading 0 native plugins for Editor in 0.00 ms.
Mono: successfully reloaded assembly
- Completed reload, in  0.911 seconds
Domain Reload Profiling:
	ReloadAssembly (912ms)
		BeginReloadAssembly (122ms)
			ExecutionOrderSort (0ms)
			DisableScriptedObjects (7ms)
			BackupInstance (0ms)
			ReleaseScriptingObjects (0ms)
			CreateAndSetChildDomain (33ms)
		EndReloadAssembly (696ms)
			LoadAssemblies (75ms)
			RebuildTransferFunctionScriptingTraits (0ms)
			SetupTypeCache (266ms)
			ReleaseScriptCaches (1ms)
			RebuildScriptCaches (35ms)
			SetupLoadedEditorAssemblies (285ms)
				LogAssemblyErrors (0ms)
				InitializePlatformSupportModulesInManaged (12ms)
				SetLoadedEditorAssemblies (0ms)
				RefreshPlugins (1ms)
				BeforeProcessingInitializeOnLoad (64ms)
				ProcessInitializeOnLoadAttributes (178ms)
				ProcessInitializeOnLoadMethodAttributes (24ms)
				AfterProcessingInitializeOnLoad (7ms)
				EditorAssembliesLoaded (0ms)
			ExecutionOrderSort2 (0ms)
			AwakeInstancesAfterBackupRestoration (5ms)
Platform modules already initialized, skipping
Refreshing native plugins compatible for Editor in 1.37 ms, found 3 plugins.
Preloading 0 native plugins for Editor in 0.00 ms.
Unloading 3382 Unused Serialized files (Serialized files now loaded: 0)
Unloading 20 unused Assets / (78.5 KB). Loaded Objects now: 3885.
Memory consumption went from 121.0 MB to 120.9 MB.
Total: 2.600300 ms (FindLiveObjects: 0.216100 ms CreateObjectMapping: 0.172500 ms MarkObjects: 2.146900 ms  DeleteObjects: 0.064200 ms)

AssetImportParameters requested are different than current active one (requested -> active):
  custom:video-decoder-ogg-theora: a1e56fd34408186e4bbccfd4996cb3dc -> 
  custom:container-muxer-webm: aa71ff27fc2769a1b78a27578f13a17b -> 
  custom:container-demuxer-webm: 4f35f7cbe854078d1ac9338744f61a02 -> 
  custom:video-encoder-webm-vp8: eb34c28f22e8b96e1ab97ce403110664 -> 
  custom:audio-encoder-webm-vorbis: bf7c407c2cedff20999df2af8eb42d56 -> 
  custom:framework-win-MediaFoundation: 216162199b28c13a410421893ffa2e32 -> 
  custom:container-demuxer-ogg: 62fdf1f143b41e24485cea50d1cbac27 -> 
  custom:video-decoder-webm-vp8: 9c59270c3fd7afecdb556c50c9e8de78 -> 
  custom:audio-decoder-ogg-vorbis: bf7c407c2cedff20999df2af8eb42d56 -> 
========================================================================
Received Prepare
Registering precompiled user dll's ...
Registered in 0.004349 seconds.
Begin MonoManager ReloadAssembly
Symbol file LoadedFromMemory doesn't match image D:\Homework\Game systems Architecture\Decorator\Decorator\Decorator\Library\PackageCache\com.unity.visualscripting@1.7.8\Editor\VisualScripting.Core\Dependencies\YamlDotNet\Unity.VisualScripting.YamlDotNet.dll
Symbol file LoadedFromMemory doesn't match image D:\Homework\Game systems Architecture\Decorator\Decorator\Decorator\Library\PackageCache\com.unity.visualscripting@1.7.8\Editor\VisualScripting.Core\Dependencies\DotNetZip\Unity.VisualScripting.IonicZip.dll
Native extension for WindowsStandalone target not found
Native extension for WebGL target not found
Refreshing native plugins compatible for Editor in 0.84 ms, found 3 plugins.
Preloading 0 native plugins for Editor in 0.00 ms.
Mono: successfully reloaded assembly
- Completed reload, in  0.897 seconds
Domain Reload Profiling:
	ReloadAssembly (898ms)
		BeginReloadAssembly (115ms)
			ExecutionOrderSort (0ms)
			DisableScriptedObjects (5ms)
			BackupInstance (0ms)
			ReleaseScriptingObjects (0ms)
			CreateAndSetChildDomain (28ms)
		EndReloadAssembly (687ms)
			LoadAssemblies (74ms)
			RebuildTransferFunctionScriptingTraits (0ms)
			SetupTypeCache (232ms)
			ReleaseScriptCaches (1ms)
			RebuildScriptCaches (39ms)
			SetupLoadedEditorAssemblies (301ms)
				LogAssemblyErrors (0ms)
				InitializePlatformSupportModulesInManaged (13ms)
				SetLoadedEditorAssemblies (1ms)
				RefreshPlugins (1ms)
				BeforeProcessingInitializeOnLoad (62ms)
				ProcessInitializeOnLoadAttributes (189ms)
				ProcessInitializeOnLoadMethodAttributes (25ms)
				AfterProcessingInitializeOnLoad (8ms)
				EditorAssembliesLoaded (0ms)
			ExecutionOrderSort2 (0ms)
			AwakeInstancesAfterBackupRestoration (5ms)
Platform modules already initialized, skipping
Refreshing native plugins compatible for Editor in 1.36 ms, found 3 plugins.
Preloading 0 native plugins for Editor in 0.00 ms.
Unloading 3382 Unused Serialized files (Serialized files now loaded: 0)
Unloading 20 unused Assets / (78.4 KB). Loaded Objects now: 3888.
Memory consumption went from 121.0 MB to 120.9 MB.
Total: 2.402000 ms (FindLiveObjects: 0.210000 ms CreateObjectMapping: 0.121000 ms MarkObjects: 2.001300 ms  DeleteObjects: 0.068800 ms)

AssetImportParameters requested are different than current active one (requested -> active):
  custom:video-decoder-ogg-theora: a1e56fd34408186e4bbccfd4996cb3dc -> 
  custom:container-muxer-webm: aa71ff27fc2769a1b78a27578f13a17b -> 
  custom:container-demuxer-webm: 4f35f7cbe854078d1ac9338744f61a02 -> 
  custom:video-encoder-webm-vp8: eb34c28f22e8b96e1ab97ce403110664 -> 
  custom:audio-encoder-webm-vorbis: bf7c407c2cedff20999df2af8eb42d56 -> 
  custom:framework-win-MediaFoundation: 216162199b28c13a410421893ffa2e32 -> 
  custom:container-demuxer-ogg: 62fdf1f143b41e24485cea50d1cbac27 -> 
  custom:video-decoder-webm-vp8: 9c59270c3fd7afecdb556c50c9e8de78 -> 
  custom:audio-decoder-ogg-vorbis: bf7c407c2cedff20999df2af8eb42d56 -> 
========================================================================
Received Prepare
Registering precompiled user dll's ...
Registered in 0.003722 seconds.
Begin MonoManager ReloadAssembly
Symbol file LoadedFromMemory doesn't match image D:\Homework\Game systems Architecture\Decorator\Decorator\Decorator\Library\PackageCache\com.unity.visualscripting@1.7.8\Editor\VisualScripting.Core\Dependencies\YamlDotNet\Unity.VisualScripting.YamlDotNet.dll
Symbol file LoadedFromMemory doesn't match image D:\Homework\Game systems Architecture\Decorator\Decorator\Decorator\Library\PackageCache\com.unity.visualscripting@1.7.8\Editor\VisualScripting.Core\Dependencies\DotNetZip\Unity.VisualScripting.IonicZip.dll
Native extension for WindowsStandalone target not found
Native extension for WebGL target not found
Refreshing native plugins compatible for Editor in 0.45 ms, found 3 plugins.
Preloading 0 native plugins for Editor in 0.00 ms.
Mono: successfully reloaded assembly
- Completed reload, in  0.924 seconds
Domain Reload Profiling:
	ReloadAssembly (925ms)
		BeginReloadAssembly (136ms)
			ExecutionOrderSort (0ms)
			DisableScriptedObjects (5ms)
			BackupInstance (0ms)
			ReleaseScriptingObjects (0ms)
			CreateAndSetChildDomain (42ms)
		EndReloadAssembly (692ms)
			LoadAssemblies (85ms)
			RebuildTransferFunctionScriptingTraits (0ms)
			SetupTypeCache (240ms)
			ReleaseScriptCaches (1ms)
			RebuildScriptCaches (37ms)
			SetupLoadedEditorAssemblies (300ms)
				LogAssemblyErrors (0ms)
				InitializePlatformSupportModulesInManaged (15ms)
				SetLoadedEditorAssemblies (0ms)
				RefreshPlugins (0ms)
				BeforeProcessingInitializeOnLoad (56ms)
				ProcessInitializeOnLoadAttributes (194ms)
				ProcessInitializeOnLoadMethodAttributes (27ms)
				AfterProcessingInitializeOnLoad (7ms)
				EditorAssembliesLoaded (0ms)
			ExecutionOrderSort2 (0ms)
			AwakeInstancesAfterBackupRestoration (6ms)
Platform modules already initialized, skipping
Refreshing native plugins compatible for Editor in 1.39 ms, found 3 plugins.
Preloading 0 native plugins for Editor in 0.00 ms.
Unloading 3382 Unused Serialized files (Serialized files now loaded: 0)
Unloading 20 unused Assets / (78.5 KB). Loaded Objects now: 3891.
Memory consumption went from 121.0 MB to 120.9 MB.
Total: 2.470400 ms (FindLiveObjects: 0.205100 ms CreateObjectMapping: 0.187200 ms MarkObjects: 1.965400 ms  DeleteObjects: 0.111600 ms)

AssetImportParameters requested are different than current active one (requested -> active):
  custom:video-decoder-ogg-theora: a1e56fd34408186e4bbccfd4996cb3dc -> 
  custom:container-muxer-webm: aa71ff27fc2769a1b78a27578f13a17b -> 
  custom:container-demuxer-webm: 4f35f7cbe854078d1ac9338744f61a02 -> 
  custom:video-encoder-webm-vp8: eb34c28f22e8b96e1ab97ce403110664 -> 
  custom:audio-encoder-webm-vorbis: bf7c407c2cedff20999df2af8eb42d56 -> 
  custom:framework-win-MediaFoundation: 216162199b28c13a410421893ffa2e32 -> 
  custom:container-demuxer-ogg: 62fdf1f143b41e24485cea50d1cbac27 -> 
  custom:video-decoder-webm-vp8: 9c59270c3fd7afecdb556c50c9e8de78 -> 
  custom:audio-decoder-ogg-vorbis: bf7c407c2cedff20999df2af8eb42d56 -> 
========================================================================
Received Prepare
Refreshing native plugins compatible for Editor in 4.10 ms, found 3 plugins.
Preloading 0 native plugins for Editor in 0.00 ms.
Unloading 20 Unused Serialized files (Serialized files now loaded: 0)
Unloading 20 unused Assets / (75.7 KB). Loaded Objects now: 3891.
Memory consumption went from 53.8 MB to 53.7 MB.
Total: 2.397600 ms (FindLiveObjects: 0.230900 ms CreateObjectMapping: 0.158000 ms MarkObjects: 1.922500 ms  DeleteObjects: 0.085300 ms)

AssetImportParameters requested are different than current active one (requested -> active):
  custom:video-decoder-ogg-theora: a1e56fd34408186e4bbccfd4996cb3dc -> 
  custom:container-muxer-webm: aa71ff27fc2769a1b78a27578f13a17b -> 
  custom:container-demuxer-webm: 4f35f7cbe854078d1ac9338744f61a02 -> 
  custom:video-encoder-webm-vp8: eb34c28f22e8b96e1ab97ce403110664 -> 
  custom:audio-encoder-webm-vorbis: bf7c407c2cedff20999df2af8eb42d56 -> 
  custom:framework-win-MediaFoundation: 216162199b28c13a410421893ffa2e32 -> 
  custom:container-demuxer-ogg: 62fdf1f143b41e24485cea50d1cbac27 -> 
  custom:video-decoder-webm-vp8: 9c59270c3fd7afecdb556c50c9e8de78 -> 
  custom:audio-decoder-ogg-vorbis: bf7c407c2cedff20999df2af8eb42d56 -> 
========================================================================
Received Prepare
Refreshing native plugins compatible for Editor in 3.29 ms, found 3 plugins.
Preloading 0 native plugins for Editor in 0.00 ms.
Unloading 20 Unused Serialized files (Serialized files now loaded: 0)
Unloading 20 unused Assets / (75.8 KB). Loaded Objects now: 3891.
Memory consumption went from 53.8 MB to 53.7 MB.
Total: 2.595300 ms (FindLiveObjects: 0.200900 ms CreateObjectMapping: 0.138400 ms MarkObjects: 2.173800 ms  DeleteObjects: 0.081300 ms)

AssetImportParameters requested are different than current active one (requested -> active):
  custom:video-decoder-ogg-theora: a1e56fd34408186e4bbccfd4996cb3dc -> 
  custom:container-muxer-webm: aa71ff27fc2769a1b78a27578f13a17b -> 
  custom:container-demuxer-webm: 4f35f7cbe854078d1ac9338744f61a02 -> 
  custom:video-encoder-webm-vp8: eb34c28f22e8b96e1ab97ce403110664 -> 
  custom:audio-encoder-webm-vorbis: bf7c407c2cedff20999df2af8eb42d56 -> 
  custom:framework-win-MediaFoundation: 216162199b28c13a410421893ffa2e32 -> 
  custom:container-demuxer-ogg: 62fdf1f143b41e24485cea50d1cbac27 -> 
  custom:video-decoder-webm-vp8: 9c59270c3fd7afecdb556c50c9e8de78 -> 
  custom:audio-decoder-ogg-vorbis: bf7c407c2cedff20999df2af8eb42d56 -> 
========================================================================
Received Prepare
Registering precompiled user dll's ...
Registered in 0.003991 seconds.
Begin MonoManager ReloadAssembly
Symbol file LoadedFromMemory doesn't match image D:\Homework\Game systems Architecture\Decorator\Decorator\Decorator\Library\PackageCache\com.unity.visualscripting@1.7.8\Editor\VisualScripting.Core\Dependencies\YamlDotNet\Unity.VisualScripting.YamlDotNet.dll
Symbol file LoadedFromMemory doesn't match image D:\Homework\Game systems Architecture\Decorator\Decorator\Decorator\Library\PackageCache\com.unity.visualscripting@1.7.8\Editor\VisualScripting.Core\Dependencies\DotNetZip\Unity.VisualScripting.IonicZip.dll
Native extension for WindowsStandalone target not found
Native extension for WebGL target not found
Refreshing native plugins compatible for Editor in 0.45 ms, found 3 plugins.
Preloading 0 native plugins for Editor in 0.00 ms.
Mono: successfully reloaded assembly
- Completed reload, in  1.116 seconds
Domain Reload Profiling:
	ReloadAssembly (1117ms)
		BeginReloadAssembly (119ms)
			ExecutionOrderSort (0ms)
			DisableScriptedObjects (6ms)
			BackupInstance (0ms)
			ReleaseScriptingObjects (0ms)
			CreateAndSetChildDomain (28ms)
		EndReloadAssembly (900ms)
			LoadAssemblies (300ms)
			RebuildTransferFunctionScriptingTraits (0ms)
			SetupTypeCache (248ms)
			ReleaseScriptCaches (1ms)
			RebuildScriptCaches (33ms)
			SetupLoadedEditorAssemblies (294ms)
				LogAssemblyErrors (0ms)
				InitializePlatformSupportModulesInManaged (12ms)
				SetLoadedEditorAssemblies (0ms)
				RefreshPlugins (0ms)
				BeforeProcessingInitializeOnLoad (62ms)
				ProcessInitializeOnLoadAttributes (188ms)
				ProcessInitializeOnLoadMethodAttributes (24ms)
				AfterProcessingInitializeOnLoad (7ms)
				EditorAssembliesLoaded (0ms)
			ExecutionOrderSort2 (0ms)
			AwakeInstancesAfterBackupRestoration (5ms)
Platform modules already initialized, skipping
Refreshing native plugins compatible for Editor in 1.46 ms, found 3 plugins.
Preloading 0 native plugins for Editor in 0.00 ms.
Unloading 3382 Unused Serialized files (Serialized files now loaded: 0)
Unloading 20 unused Assets / (78.6 KB). Loaded Objects now: 3894.
Memory consumption went from 121.0 MB to 121.0 MB.
Total: 2.535100 ms (FindLiveObjects: 0.195200 ms CreateObjectMapping: 0.154100 ms MarkObjects: 2.117400 ms  DeleteObjects: 0.067800 ms)

AssetImportParameters requested are different than current active one (requested -> active):
  custom:video-decoder-ogg-theora: a1e56fd34408186e4bbccfd4996cb3dc -> 
  custom:container-muxer-webm: aa71ff27fc2769a1b78a27578f13a17b -> 
  custom:container-demuxer-webm: 4f35f7cbe854078d1ac9338744f61a02 -> 
  custom:video-encoder-webm-vp8: eb34c28f22e8b96e1ab97ce403110664 -> 
  custom:audio-encoder-webm-vorbis: bf7c407c2cedff20999df2af8eb42d56 -> 
  custom:framework-win-MediaFoundation: 216162199b28c13a410421893ffa2e32 -> 
  custom:container-demuxer-ogg: 62fdf1f143b41e24485cea50d1cbac27 -> 
  custom:video-decoder-webm-vp8: 9c59270c3fd7afecdb556c50c9e8de78 -> 
  custom:audio-decoder-ogg-vorbis: bf7c407c2cedff20999df2af8eb42d56 -> 
========================================================================
Received Prepare
Refreshing native plugins compatible for Editor in 7.43 ms, found 3 plugins.
Preloading 0 native plugins for Editor in 0.00 ms.
Unloading 20 Unused Serialized files (Serialized files now loaded: 0)
Unloading 20 unused Assets / (75.8 KB). Loaded Objects now: 3894.
Memory consumption went from 53.8 MB to 53.7 MB.
Total: 5.344200 ms (FindLiveObjects: 0.431900 ms CreateObjectMapping: 0.361000 ms MarkObjects: 4.406800 ms  DeleteObjects: 0.143400 ms)

AssetImportParameters requested are different than current active one (requested -> active):
  custom:video-decoder-ogg-theora: a1e56fd34408186e4bbccfd4996cb3dc -> 
  custom:container-muxer-webm: aa71ff27fc2769a1b78a27578f13a17b -> 
  custom:container-demuxer-webm: 4f35f7cbe854078d1ac9338744f61a02 -> 
  custom:video-encoder-webm-vp8: eb34c28f22e8b96e1ab97ce403110664 -> 
  custom:audio-encoder-webm-vorbis: bf7c407c2cedff20999df2af8eb42d56 -> 
  custom:framework-win-MediaFoundation: 216162199b28c13a410421893ffa2e32 -> 
  custom:container-demuxer-ogg: 62fdf1f143b41e24485cea50d1cbac27 -> 
  custom:video-decoder-webm-vp8: 9c59270c3fd7afecdb556c50c9e8de78 -> 
  custom:audio-decoder-ogg-vorbis: bf7c407c2cedff20999df2af8eb42d56 -> 
========================================================================
Received Prepare
Refreshing native plugins compatible for Editor in 3.35 ms, found 3 plugins.
Preloading 0 native plugins for Editor in 0.00 ms.
Unloading 20 Unused Serialized files (Serialized files now loaded: 0)
Unloading 20 unused Assets / (75.8 KB). Loaded Objects now: 3894.
Memory consumption went from 53.8 MB to 53.7 MB.
Total: 2.592600 ms (FindLiveObjects: 0.189700 ms CreateObjectMapping: 0.106000 ms MarkObjects: 2.234500 ms  DeleteObjects: 0.061900 ms)

AssetImportParameters requested are different than current active one (requested -> active):
  custom:video-decoder-ogg-theora: a1e56fd34408186e4bbccfd4996cb3dc -> 
  custom:container-muxer-webm: aa71ff27fc2769a1b78a27578f13a17b -> 
  custom:container-demuxer-webm: 4f35f7cbe854078d1ac9338744f61a02 -> 
  custom:video-encoder-webm-vp8: eb34c28f22e8b96e1ab97ce403110664 -> 
  custom:audio-encoder-webm-vorbis: bf7c407c2cedff20999df2af8eb42d56 -> 
  custom:framework-win-MediaFoundation: 216162199b28c13a410421893ffa2e32 -> 
  custom:container-demuxer-ogg: 62fdf1f143b41e24485cea50d1cbac27 -> 
  custom:video-decoder-webm-vp8: 9c59270c3fd7afecdb556c50c9e8de78 -> 
  custom:audio-decoder-ogg-vorbis: bf7c407c2cedff20999df2af8eb42d56 -> 
